<?xml version="1.0" encoding="UTF-8"?>
<testng-results ignored="0" total="3" passed="2" failed="1" skipped="0">
  <reporter-output>
  </reporter-output>
  <suite started-at="2023-12-17T17:58:25 IST" name="My Suite" finished-at="2023-12-17T18:00:30 IST" duration-ms="125301">
    <groups>
    </groups>
    <test started-at="2023-12-17T17:58:25 IST" name="FirefoxTest" finished-at="2023-12-17T18:00:30 IST" duration-ms="125301">
      <class name="tests.TC01_LoginFunctionality">
        <test-method is-config="true" signature="setup()[pri:0, instance:tests.TC01_LoginFunctionality@2dc9b0f5]" started-at="2023-12-17T17:58:25 IST" name="setup" finished-at="2023-12-17T17:58:25 IST" duration-ms="12" status="PASS">
          <reporter-output>
          </reporter-output>
        </test-method> <!-- setup -->
        <test-method is-config="true" signature="launchBrowser(java.lang.String)[pri:0, instance:tests.TC01_LoginFunctionality@2dc9b0f5]" started-at="2023-12-17T17:58:26 IST" name="launchBrowser" finished-at="2023-12-17T17:58:33 IST" duration-ms="7520" status="PASS">
          <params>
            <param index="0">
              <value>
                <![CDATA[Firefox]]>
              </value>
            </param>
          </params>
          <reporter-output>
          </reporter-output>
        </test-method> <!-- launchBrowser -->
        <test-method signature="LoginTest(java.lang.String,java.lang.String)[pri:1, instance:tests.TC01_LoginFunctionality@2dc9b0f5]" started-at="2023-12-17T17:58:33 IST" name="LoginTest" data-provider="getInputData" finished-at="2023-12-17T17:59:04 IST" duration-ms="30855" status="PASS">
          <params>
            <param index="0">
              <value>
                <![CDATA[Admin]]>
              </value>
            </param>
            <param index="1">
              <value>
                <![CDATA[Admin123]]>
              </value>
            </param>
          </params>
          <reporter-output>
          </reporter-output>
        </test-method> <!-- LoginTest -->
        <test-method is-config="true" signature="closeBrowser()[pri:0, instance:tests.TC01_LoginFunctionality@2dc9b0f5]" started-at="2023-12-17T17:59:04 IST" name="closeBrowser" finished-at="2023-12-17T17:59:07 IST" duration-ms="2312" status="PASS">
          <reporter-output>
          </reporter-output>
        </test-method> <!-- closeBrowser -->
        <test-method is-config="true" signature="launchBrowser(java.lang.String)[pri:0, instance:tests.TC01_LoginFunctionality@2dc9b0f5]" started-at="2023-12-17T17:59:07 IST" name="launchBrowser" finished-at="2023-12-17T17:59:14 IST" duration-ms="7808" status="PASS">
          <params>
            <param index="0">
              <value>
                <![CDATA[Firefox]]>
              </value>
            </param>
          </params>
          <reporter-output>
          </reporter-output>
        </test-method> <!-- launchBrowser -->
        <test-method signature="LoginTest(java.lang.String,java.lang.String)[pri:1, instance:tests.TC01_LoginFunctionality@2dc9b0f5]" started-at="2023-12-17T17:59:14 IST" name="LoginTest" data-provider="getInputData" finished-at="2023-12-17T17:59:56 IST" duration-ms="41738" status="PASS">
          <params>
            <param index="0">
              <value>
                <![CDATA[Test]]>
              </value>
            </param>
            <param index="1">
              <value>
                <![CDATA[Test123]]>
              </value>
            </param>
          </params>
          <reporter-output>
          </reporter-output>
        </test-method> <!-- LoginTest -->
        <test-method is-config="true" signature="closeBrowser()[pri:0, instance:tests.TC01_LoginFunctionality@2dc9b0f5]" started-at="2023-12-17T17:59:56 IST" name="closeBrowser" finished-at="2023-12-17T17:59:59 IST" duration-ms="3130" status="PASS">
          <reporter-output>
          </reporter-output>
        </test-method> <!-- closeBrowser -->
        <test-method is-config="true" signature="launchBrowser(java.lang.String)[pri:0, instance:tests.TC01_LoginFunctionality@2dc9b0f5]" started-at="2023-12-17T17:59:59 IST" name="launchBrowser" finished-at="2023-12-17T18:00:04 IST" duration-ms="4843" status="PASS">
          <params>
            <param index="0">
              <value>
                <![CDATA[Firefox]]>
              </value>
            </param>
          </params>
          <reporter-output>
          </reporter-output>
        </test-method> <!-- launchBrowser -->
        <test-method signature="LoginTest(java.lang.String,java.lang.String)[pri:1, instance:tests.TC01_LoginFunctionality@2dc9b0f5]" started-at="2023-12-17T18:00:04 IST" name="LoginTest" data-provider="getInputData" finished-at="2023-12-17T18:00:28 IST" duration-ms="24197" status="FAIL">
          <params>
            <param index="0">
              <value is-null="true"/>
            </param>
            <param index="1">
              <value is-null="true"/>
            </param>
          </params>
          <exception class="java.lang.IllegalArgumentException">
            <message>
              <![CDATA[Keys to send should be a not null CharSequence]]>
            </message>
            <full-stacktrace>
              <![CDATA[java.lang.IllegalArgumentException: Keys to send should be a not null CharSequence
at org.openqa.selenium.remote.RemoteWebElement.sendKeys(RemoteWebElement.java:97)
at java.base/jdk.internal.reflect.DirectMethodHandleAccessor.invoke(DirectMethodHandleAccessor.java:104)
at java.base/java.lang.reflect.Method.invoke(Method.java:578)
at org.openqa.selenium.support.pagefactory.internal.LocatingElementHandler.invoke(LocatingElementHandler.java:51)
at jdk.proxy2/jdk.proxy2.$Proxy20.sendKeys(Unknown Source)
at utils.UtilClass.sendKeys(UtilClass.java:85)
at pages.LogInPage.emailAddress(LogInPage.java:26)
at tests.TC01_LoginFunctionality.LoginTest(TC01_LoginFunctionality.java:44)
at java.base/jdk.internal.reflect.DirectMethodHandleAccessor.invoke(DirectMethodHandleAccessor.java:104)
at java.base/java.lang.reflect.Method.invoke(Method.java:578)
at org.testng.internal.invokers.MethodInvocationHelper.invokeMethod(MethodInvocationHelper.java:139)
at org.testng.internal.invokers.TestInvoker.invokeMethod(TestInvoker.java:664)
at org.testng.internal.invokers.TestInvoker.invokeTestMethod(TestInvoker.java:227)
at org.testng.internal.invokers.MethodRunner.runInSequence(MethodRunner.java:50)
at org.testng.internal.invokers.TestInvoker$MethodInvocationAgent.invoke(TestInvoker.java:957)
at org.testng.internal.invokers.TestInvoker.invokeTestMethods(TestInvoker.java:200)
at org.testng.internal.invokers.TestMethodWorker.invokeTestMethods(TestMethodWorker.java:148)
at org.testng.internal.invokers.TestMethodWorker.run(TestMethodWorker.java:128)
at java.base/java.util.ArrayList.forEach(ArrayList.java:1511)
at org.testng.TestRunner.privateRun(TestRunner.java:848)
at org.testng.TestRunner.run(TestRunner.java:621)
at org.testng.SuiteRunner.runTest(SuiteRunner.java:443)
at org.testng.SuiteRunner$SuiteWorker.run(SuiteRunner.java:481)
at org.testng.internal.thread.ThreadUtil.lambda$execute$0(ThreadUtil.java:58)
at java.base/java.util.concurrent.FutureTask.run(FutureTask.java:317)
at java.base/java.util.concurrent.ThreadPoolExecutor.runWorker(ThreadPoolExecutor.java:1144)
at java.base/java.util.concurrent.ThreadPoolExecutor$Worker.run(ThreadPoolExecutor.java:642)
at java.base/java.lang.Thread.run(Thread.java:1623)
]]>
            </full-stacktrace>
          </exception> <!-- java.lang.IllegalArgumentException -->
          <reporter-output>
          </reporter-output>
        </test-method> <!-- LoginTest -->
        <test-method is-config="true" signature="closeBrowser()[pri:0, instance:tests.TC01_LoginFunctionality@2dc9b0f5]" started-at="2023-12-17T18:00:28 IST" name="closeBrowser" finished-at="2023-12-17T18:00:30 IST" duration-ms="1599" status="PASS">
          <reporter-output>
          </reporter-output>
        </test-method> <!-- closeBrowser -->
      </class> <!-- tests.TC01_LoginFunctionality -->
    </test> <!-- FirefoxTest -->
  </suite> <!-- My Suite -->
</testng-results>
