<?xml version="1.0" encoding="UTF-8"?>
<!-- Generated by org.testng.reporters.JUnitXMLReporter -->
<testsuite ignored="0" hostname="DESKTOP-H3UQ7ED" failures="1" tests="3" name="FirefoxTest" time="125.301" errors="0" timestamp="2023-12-17T18:00:30 IST">
  <testcase classname="tests.TC01_LoginFunctionality" name="LoginTest" time="30.855"/>
  <testcase classname="tests.TC01_LoginFunctionality" name="LoginTest" time="41.738"/>
  <testcase classname="tests.TC01_LoginFunctionality" name="LoginTest" time="24.197">
    <failure type="java.lang.IllegalArgumentException" message="Keys to send should be a not null CharSequence">
      <![CDATA[java.lang.IllegalArgumentException: Keys to send should be a not null CharSequence
at org.openqa.selenium.remote.RemoteWebElement.sendKeys(RemoteWebElement.java:97)
at org.openqa.selenium.support.pagefactory.internal.LocatingElementHandler.invoke(LocatingElementHandler.java:51)
at jdk.proxy2/jdk.proxy2.$Proxy20.sendKeys(Unknown Source)
at utils.UtilClass.sendKeys(UtilClass.java:85)
at pages.LogInPage.emailAddress(LogInPage.java:26)
at tests.TC01_LoginFunctionality.LoginTest(TC01_LoginFunctionality.java:44)
at java.base/java.util.ArrayList.forEach(ArrayList.java:1511)
at java.base/java.util.concurrent.FutureTask.run(FutureTask.java:317)
at java.base/java.util.concurrent.ThreadPoolExecutor.runWorker(ThreadPoolExecutor.java:1144)
at java.base/java.util.concurrent.ThreadPoolExecutor$Worker.run(ThreadPoolExecutor.java:642)
at java.base/java.lang.Thread.run(Thread.java:1623)
... Removed 17 stack frames]]>
    </failure>
  </testcase> <!-- LoginTest -->
</testsuite> <!-- FirefoxTest -->
