<?xml version="1.0" encoding="UTF-8"?>
<!-- Generated by org.testng.reporters.JUnitXMLReporter -->
<testsuite ignored="0" hostname="DESKTOP-H3UQ7ED" failures="1" tests="1" name="ChromeTest" time="30.65" errors="0" timestamp="2024-01-06T11:07:19 IST">
  <testcase classname="tests.TC04_ValidateTitle" name="validatetitle" time="25.189">
    <failure type="java.lang.AssertionError" message="expected [Yes, Best Buy Sells That - Best Buy] but found [Yes, Best Buy Sells That – Best Buy]">
      <![CDATA[java.lang.AssertionError: expected [Yes, Best Buy Sells That - Best Buy] but found [Yes, Best Buy Sells That – Best Buy]
at utils.UtilClass.validateTitle(UtilClass.java:120)
at pages.ValidateTitlePage.clickyesBestBuySellsThat(ValidateTitlePage.java:102)
at tests.TC04_ValidateTitle.validatetitle(TC04_ValidateTitle.java:28)
at java.base/java.util.ArrayList.forEach(ArrayList.java:1511)
at java.base/java.util.concurrent.FutureTask.run(FutureTask.java:317)
at java.base/java.util.concurrent.ThreadPoolExecutor.runWorker(ThreadPoolExecutor.java:1144)
at java.base/java.util.concurrent.ThreadPoolExecutor$Worker.run(ThreadPoolExecutor.java:642)
at java.base/java.lang.Thread.run(Thread.java:1623)
... Removed 21 stack frames]]>
    </failure>
  </testcase> <!-- validatetitle -->
</testsuite> <!-- ChromeTest -->
