<?xml version="1.0" encoding="UTF-8"?>
<!-- Generated by org.testng.reporters.JUnitXMLReporter -->
<testsuite ignored="0" hostname="DESKTOP-H3UQ7ED" failures="1" tests="2" name="Test1" time="46.622" errors="0" timestamp="2023-12-15T11:29:15 IST">
  <testcase classname="tests.TC10_HeadlessChrome" name="HeadlessChrome" time="0.018">
    <failure type="java.lang.StackOverflowError">
      <![CDATA[java.lang.StackOverflowError
at tests.TC10_HeadlessChrome.HeadlessChrome(TC10_HeadlessChrome.java:13)
at tests.TC10_HeadlessChrome.HeadlessChrome(TC10_HeadlessChrome.java:13)
at tests.TC10_HeadlessChrome.HeadlessChrome(TC10_HeadlessChrome.java:13)
at tests.TC10_HeadlessChrome.HeadlessChrome(TC10_HeadlessChrome.java:13)
at tests.TC10_HeadlessChrome.HeadlessChrome(TC10_HeadlessChrome.java:13)
at tests.TC10_HeadlessChrome.HeadlessChrome(TC10_HeadlessChrome.java:13)
at tests.TC10_HeadlessChrome.HeadlessChrome(TC10_HeadlessChrome.java:13)
at tests.TC10_HeadlessChrome.HeadlessChrome(TC10_HeadlessChrome.java:13)
at tests.TC10_HeadlessChrome.HeadlessChrome(TC10_HeadlessChrome.java:13)
at tests.TC10_HeadlessChrome.HeadlessChrome(TC10_HeadlessChrome.java:13)
at tests.TC10_HeadlessChrome.HeadlessChrome(TC10_HeadlessChrome.java:13)
at tests.TC10_HeadlessChrome.HeadlessChrome(TC10_HeadlessChrome.java:13)
at tests.TC10_HeadlessChrome.HeadlessChrome(TC10_HeadlessChrome.java:13)
at tests.TC10_HeadlessChrome.HeadlessChrome(TC10_HeadlessChrome.java:13)
at tests.TC10_HeadlessChrome.HeadlessChrome(TC10_HeadlessChrome.java:13)
at tests.TC10_HeadlessChrome.HeadlessChrome(TC10_HeadlessChrome.java:13)
at tests.TC10_HeadlessChrome.HeadlessChrome(TC10_HeadlessChrome.java:13)
at tests.TC10_HeadlessChrome.HeadlessChrome(TC10_HeadlessChrome.java:13)
at tests.TC10_HeadlessChrome.HeadlessChrome(TC10_HeadlessChrome.java:13)
at tests.TC10_HeadlessChrome.HeadlessChrome(TC10_HeadlessChrome.java:13)
at tests.TC10_HeadlessChrome.HeadlessChrome(TC10_HeadlessChrome.java:13)
at tests.TC10_HeadlessChrome.HeadlessChrome(TC10_HeadlessChrome.java:13)
at tests.TC10_HeadlessChrome.HeadlessChrome(TC10_HeadlessChrome.java:13)
at tests.TC10_HeadlessChrome.HeadlessChrome(TC10_HeadlessChrome.java:13)
at tests.TC10_HeadlessChrome.HeadlessChrome(TC10_HeadlessChrome.java:13)
at tests.TC10_HeadlessChrome.HeadlessChrome(TC10_HeadlessChrome.java:13)
at tests.TC10_HeadlessChrome.HeadlessChrome(TC10_HeadlessChrome.java:13)
at tests.TC10_HeadlessChrome.HeadlessChrome(TC10_HeadlessChrome.java:13)
at tests.TC10_HeadlessChrome.HeadlessChrome(TC10_HeadlessChrome.java:13)
at tests.TC10_HeadlessChrome.HeadlessChrome(TC10_HeadlessChrome.java:13)
at tests.TC10_HeadlessChrome.HeadlessChrome(TC10_HeadlessChrome.java:13)
at tests.TC10_HeadlessChrome.HeadlessChrome(TC10_HeadlessChrome.java:13)
at tests.TC10_HeadlessChrome.HeadlessChrome(TC10_HeadlessChrome.java:13)
at tests.TC10_HeadlessChrome.HeadlessChrome(TC10_HeadlessChrome.java:13)
at tests.TC10_HeadlessChrome.HeadlessChrome(TC10_HeadlessChrome.java:13)
at tests.TC10_HeadlessChrome.HeadlessChrome(TC10_HeadlessChrome.java:13)
at tests.TC10_HeadlessChrome.HeadlessChrome(TC10_HeadlessChrome.java:13)
at tests.TC10_HeadlessChrome.HeadlessChrome(TC10_HeadlessChrome.java:13)
at tests.TC10_HeadlessChrome.HeadlessChrome(TC10_HeadlessChrome.java:13)
at tests.TC10_HeadlessChrome.HeadlessChrome(TC10_HeadlessChrome.java:13)
at tests.TC10_HeadlessChrome.HeadlessChrome(TC10_HeadlessChrome.java:13)
at tests.TC10_HeadlessChrome.HeadlessChrome(TC10_HeadlessChrome.java:13)
at tests.TC10_HeadlessChrome.HeadlessChrome(TC10_HeadlessChrome.java:13)
at tests.TC10_HeadlessChrome.HeadlessChrome(TC10_HeadlessChrome.java:13)
at tests.TC10_HeadlessChrome.HeadlessChrome(TC10_HeadlessChrome.java:13)
at tests.TC10_HeadlessChrome.HeadlessChrome(TC10_HeadlessChrome.java:13)
at tests.TC10_HeadlessChrome.HeadlessChrome(TC10_HeadlessChrome.java:13)
at tests.TC10_HeadlessChrome.HeadlessChrome(TC10_HeadlessChrome.java:13)
at tests.TC10_HeadlessChrome.HeadlessChrome(TC10_HeadlessChrome.java:13)
at tests.TC10_HeadlessChrome.HeadlessChrome(TC10_HeadlessChrome.java:13)
at tests.TC10_HeadlessChrome.HeadlessChrome(TC10_HeadlessChrome.java:13)
at tests.TC10_HeadlessChrome.HeadlessChrome(TC10_HeadlessChrome.java:13)
at tests.TC10_HeadlessChrome.HeadlessChrome(TC10_HeadlessChrome.java:13)
at tests.TC10_HeadlessChrome.HeadlessChrome(TC10_HeadlessChrome.java:13)
at tests.TC10_HeadlessChrome.HeadlessChrome(TC10_HeadlessChrome.java:13)
at tests.TC10_HeadlessChrome.HeadlessChrome(TC10_HeadlessChrome.java:13)
at tests.TC10_HeadlessChrome.HeadlessChrome(TC10_HeadlessChrome.java:13)
at tests.TC10_HeadlessChrome.HeadlessChrome(TC10_HeadlessChrome.java:13)
at tests.TC10_HeadlessChrome.HeadlessChrome(TC10_HeadlessChrome.java:13)
at tests.TC10_HeadlessChrome.HeadlessChrome(TC10_HeadlessChrome.java:13)
at tests.TC10_HeadlessChrome.HeadlessChrome(TC10_HeadlessChrome.java:13)
at tests.TC10_HeadlessChrome.HeadlessChrome(TC10_HeadlessChrome.java:13)
at tests.TC10_HeadlessChrome.HeadlessChrome(TC10_HeadlessChrome.java:13)
at tests.TC10_HeadlessChrome.HeadlessChrome(TC10_HeadlessChrome.java:13)
at tests.TC10_HeadlessChrome.HeadlessChrome(TC10_HeadlessChrome.java:13)
at tests.TC10_HeadlessChrome.HeadlessChrome(TC10_HeadlessChrome.java:13)
at tests.TC10_HeadlessChrome.HeadlessChrome(TC10_HeadlessChrome.java:13)
at tests.TC10_HeadlessChrome.HeadlessChrome(TC10_HeadlessChrome.java:13)
at tests.TC10_HeadlessChrome.HeadlessChrome(TC10_HeadlessChrome.java:13)
at tests.TC10_HeadlessChrome.HeadlessChrome(TC10_HeadlessChrome.java:13)
at tests.TC10_HeadlessChrome.HeadlessChrome(TC10_HeadlessChrome.java:13)
at tests.TC10_HeadlessChrome.HeadlessChrome(TC10_HeadlessChrome.java:13)
at tests.TC10_HeadlessChrome.HeadlessChrome(TC10_HeadlessChrome.java:13)
at tests.TC10_HeadlessChrome.HeadlessChrome(TC10_HeadlessChrome.java:13)
at tests.TC10_HeadlessChrome.HeadlessChrome(TC10_HeadlessChrome.java:13)
at tests.TC10_HeadlessChrome.HeadlessChrome(TC10_HeadlessChrome.java:13)
at tests.TC10_HeadlessChrome.HeadlessChrome(TC10_HeadlessChrome.java:13)
at tests.TC10_HeadlessChrome.HeadlessChrome(TC10_HeadlessChrome.java:13)
at tests.TC10_HeadlessChrome.HeadlessChrome(TC10_HeadlessChrome.java:13)
at tests.TC10_HeadlessChrome.HeadlessChrome(TC10_HeadlessChrome.java:13)
at tests.TC10_HeadlessChrome.HeadlessChrome(TC10_HeadlessChrome.java:13)
at tests.TC10_HeadlessChrome.HeadlessChrome(TC10_HeadlessChrome.java:13)
at tests.TC10_HeadlessChrome.HeadlessChrome(TC10_HeadlessChrome.java:13)
at tests.TC10_HeadlessChrome.HeadlessChrome(TC10_HeadlessChrome.java:13)
at tests.TC10_HeadlessChrome.HeadlessChrome(TC10_HeadlessChrome.java:13)
at tests.TC10_HeadlessChrome.HeadlessChrome(TC10_HeadlessChrome.java:13)
at tests.TC10_HeadlessChrome.HeadlessChrome(TC10_HeadlessChrome.java:13)
at tests.TC10_HeadlessChrome.HeadlessChrome(TC10_HeadlessChrome.java:13)
at tests.TC10_HeadlessChrome.HeadlessChrome(TC10_HeadlessChrome.java:13)
at tests.TC10_HeadlessChrome.HeadlessChrome(TC10_HeadlessChrome.java:13)
at tests.TC10_HeadlessChrome.HeadlessChrome(TC10_HeadlessChrome.java:13)
at tests.TC10_HeadlessChrome.HeadlessChrome(TC10_HeadlessChrome.java:13)
at tests.TC10_HeadlessChrome.HeadlessChrome(TC10_HeadlessChrome.java:13)
at tests.TC10_HeadlessChrome.HeadlessChrome(TC10_HeadlessChrome.java:13)
at tests.TC10_HeadlessChrome.HeadlessChrome(TC10_HeadlessChrome.java:13)
at tests.TC10_HeadlessChrome.HeadlessChrome(TC10_HeadlessChrome.java:13)
at tests.TC10_HeadlessChrome.HeadlessChrome(TC10_HeadlessChrome.java:13)
at tests.TC10_HeadlessChrome.HeadlessChrome(TC10_HeadlessChrome.java:13)
at tests.TC10_HeadlessChrome.HeadlessChrome(TC10_HeadlessChrome.java:13)
at tests.TC10_HeadlessChrome.HeadlessChrome(TC10_HeadlessChrome.java:13)
at tests.TC10_HeadlessChrome.HeadlessChrome(TC10_HeadlessChrome.java:13)
at tests.TC10_HeadlessChrome.HeadlessChrome(TC10_HeadlessChrome.java:13)
at tests.TC10_HeadlessChrome.HeadlessChrome(TC10_HeadlessChrome.java:13)
at tests.TC10_HeadlessChrome.HeadlessChrome(TC10_HeadlessChrome.java:13)
at tests.TC10_HeadlessChrome.HeadlessChrome(TC10_HeadlessChrome.java:13)
at tests.TC10_HeadlessChrome.HeadlessChrome(TC10_HeadlessChrome.java:13)
at tests.TC10_HeadlessChrome.HeadlessChrome(TC10_HeadlessChrome.java:13)
at tests.TC10_HeadlessChrome.HeadlessChrome(TC10_HeadlessChrome.java:13)
at tests.TC10_HeadlessChrome.HeadlessChrome(TC10_HeadlessChrome.java:13)
at tests.TC10_HeadlessChrome.HeadlessChrome(TC10_HeadlessChrome.java:13)
at tests.TC10_HeadlessChrome.HeadlessChrome(TC10_HeadlessChrome.java:13)
at tests.TC10_HeadlessChrome.HeadlessChrome(TC10_HeadlessChrome.java:13)
at tests.TC10_HeadlessChrome.HeadlessChrome(TC10_HeadlessChrome.java:13)
at tests.TC10_HeadlessChrome.HeadlessChrome(TC10_HeadlessChrome.java:13)
at tests.TC10_HeadlessChrome.HeadlessChrome(TC10_HeadlessChrome.java:13)
at tests.TC10_HeadlessChrome.HeadlessChrome(TC10_HeadlessChrome.java:13)
at tests.TC10_HeadlessChrome.HeadlessChrome(TC10_HeadlessChrome.java:13)
at tests.TC10_HeadlessChrome.HeadlessChrome(TC10_HeadlessChrome.java:13)
at tests.TC10_HeadlessChrome.HeadlessChrome(TC10_HeadlessChrome.java:13)
at tests.TC10_HeadlessChrome.HeadlessChrome(TC10_HeadlessChrome.java:13)
at tests.TC10_HeadlessChrome.HeadlessChrome(TC10_HeadlessChrome.java:13)
at tests.TC10_HeadlessChrome.HeadlessChrome(TC10_HeadlessChrome.java:13)
at tests.TC10_HeadlessChrome.HeadlessChrome(TC10_HeadlessChrome.java:13)
at tests.TC10_HeadlessChrome.HeadlessChrome(TC10_HeadlessChrome.java:13)
at tests.TC10_HeadlessChrome.HeadlessChrome(TC10_HeadlessChrome.java:13)
at tests.TC10_HeadlessChrome.HeadlessChrome(TC10_HeadlessChrome.java:13)
at tests.TC10_HeadlessChrome.HeadlessChrome(TC10_HeadlessChrome.java:13)
at tests.TC10_HeadlessChrome.HeadlessChrome(TC10_HeadlessChrome.java:13)
at tests.TC10_HeadlessChrome.HeadlessChrome(TC10_HeadlessChrome.java:13)
at tests.TC10_HeadlessChrome.HeadlessChrome(TC10_HeadlessChrome.java:13)
at tests.TC10_HeadlessChrome.HeadlessChrome(TC10_HeadlessChrome.java:13)
at tests.TC10_HeadlessChrome.HeadlessChrome(TC10_HeadlessChrome.java:13)
at tests.TC10_HeadlessChrome.HeadlessChrome(TC10_HeadlessChrome.java:13)
at tests.TC10_HeadlessChrome.HeadlessChrome(TC10_HeadlessChrome.java:13)
at tests.TC10_HeadlessChrome.HeadlessChrome(TC10_HeadlessChrome.java:13)
at tests.TC10_HeadlessChrome.HeadlessChrome(TC10_HeadlessChrome.java:13)
at tests.TC10_HeadlessChrome.HeadlessChrome(TC10_HeadlessChrome.java:13)
at tests.TC10_HeadlessChrome.HeadlessChrome(TC10_HeadlessChrome.java:13)
at tests.TC10_HeadlessChrome.HeadlessChrome(TC10_HeadlessChrome.java:13)
at tests.TC10_HeadlessChrome.HeadlessChrome(TC10_HeadlessChrome.java:13)
at tests.TC10_HeadlessChrome.HeadlessChrome(TC10_HeadlessChrome.java:13)
at tests.TC10_HeadlessChrome.HeadlessChrome(TC10_HeadlessChrome.java:13)
at tests.TC10_HeadlessChrome.HeadlessChrome(TC10_HeadlessChrome.java:13)
at tests.TC10_HeadlessChrome.HeadlessChrome(TC10_HeadlessChrome.java:13)
at tests.TC10_HeadlessChrome.HeadlessChrome(TC10_HeadlessChrome.java:13)
at tests.TC10_HeadlessChrome.HeadlessChrome(TC10_HeadlessChrome.java:13)
at tests.TC10_HeadlessChrome.HeadlessChrome(TC10_HeadlessChrome.java:13)
at tests.TC10_HeadlessChrome.HeadlessChrome(TC10_HeadlessChrome.java:13)
at tests.TC10_HeadlessChrome.HeadlessChrome(TC10_HeadlessChrome.java:13)
at tests.TC10_HeadlessChrome.HeadlessChrome(TC10_HeadlessChrome.java:13)
at tests.TC10_HeadlessChrome.HeadlessChrome(TC10_HeadlessChrome.java:13)
at tests.TC10_HeadlessChrome.HeadlessChrome(TC10_HeadlessChrome.java:13)
at tests.TC10_HeadlessChrome.HeadlessChrome(TC10_HeadlessChrome.java:13)
at tests.TC10_HeadlessChrome.HeadlessChrome(TC10_HeadlessChrome.java:13)
at tests.TC10_HeadlessChrome.HeadlessChrome(TC10_HeadlessChrome.java:13)
at tests.TC10_HeadlessChrome.HeadlessChrome(TC10_HeadlessChrome.java:13)
at tests.TC10_HeadlessChrome.HeadlessChrome(TC10_HeadlessChrome.java:13)
at tests.TC10_HeadlessChrome.HeadlessChrome(TC10_HeadlessChrome.java:13)
at tests.TC10_HeadlessChrome.HeadlessChrome(TC10_HeadlessChrome.java:13)
at tests.TC10_HeadlessChrome.HeadlessChrome(TC10_HeadlessChrome.java:13)
at tests.TC10_HeadlessChrome.HeadlessChrome(TC10_HeadlessChrome.java:13)
at tests.TC10_HeadlessChrome.HeadlessChrome(TC10_HeadlessChrome.java:13)
at tests.TC10_HeadlessChrome.HeadlessChrome(TC10_HeadlessChrome.java:13)
at tests.TC10_HeadlessChrome.HeadlessChrome(TC10_HeadlessChrome.java:13)
at tests.TC10_HeadlessChrome.HeadlessChrome(TC10_HeadlessChrome.java:13)
at tests.TC10_HeadlessChrome.HeadlessChrome(TC10_HeadlessChrome.java:13)
at tests.TC10_HeadlessChrome.HeadlessChrome(TC10_HeadlessChrome.java:13)
at tests.TC10_HeadlessChrome.HeadlessChrome(TC10_HeadlessChrome.java:13)
at tests.TC10_HeadlessChrome.HeadlessChrome(TC10_HeadlessChrome.java:13)
at tests.TC10_HeadlessChrome.HeadlessChrome(TC10_HeadlessChrome.java:13)
at tests.TC10_HeadlessChrome.HeadlessChrome(TC10_HeadlessChrome.java:13)
at tests.TC10_HeadlessChrome.HeadlessChrome(TC10_HeadlessChrome.java:13)
at tests.TC10_HeadlessChrome.HeadlessChrome(TC10_HeadlessChrome.java:13)
at tests.TC10_HeadlessChrome.HeadlessChrome(TC10_HeadlessChrome.java:13)
at tests.TC10_HeadlessChrome.HeadlessChrome(TC10_HeadlessChrome.java:13)
at tests.TC10_HeadlessChrome.HeadlessChrome(TC10_HeadlessChrome.java:13)
at tests.TC10_HeadlessChrome.HeadlessChrome(TC10_HeadlessChrome.java:13)
at tests.TC10_HeadlessChrome.HeadlessChrome(TC10_HeadlessChrome.java:13)
at tests.TC10_HeadlessChrome.HeadlessChrome(TC10_HeadlessChrome.java:13)
at tests.TC10_HeadlessChrome.HeadlessChrome(TC10_HeadlessChrome.java:13)
at tests.TC10_HeadlessChrome.HeadlessChrome(TC10_HeadlessChrome.java:13)
at tests.TC10_HeadlessChrome.HeadlessChrome(TC10_HeadlessChrome.java:13)
at tests.TC10_HeadlessChrome.HeadlessChrome(TC10_HeadlessChrome.java:13)
at tests.TC10_HeadlessChrome.HeadlessChrome(TC10_HeadlessChrome.java:13)
at tests.TC10_HeadlessChrome.HeadlessChrome(TC10_HeadlessChrome.java:13)
at tests.TC10_HeadlessChrome.HeadlessChrome(TC10_HeadlessChrome.java:13)
at tests.TC10_HeadlessChrome.HeadlessChrome(TC10_HeadlessChrome.java:13)
at tests.TC10_HeadlessChrome.HeadlessChrome(TC10_HeadlessChrome.java:13)
at tests.TC10_HeadlessChrome.HeadlessChrome(TC10_HeadlessChrome.java:13)
at tests.TC10_HeadlessChrome.HeadlessChrome(TC10_HeadlessChrome.java:13)
at tests.TC10_HeadlessChrome.HeadlessChrome(TC10_HeadlessChrome.java:13)
at tests.TC10_HeadlessChrome.HeadlessChrome(TC10_HeadlessChrome.java:13)
at tests.TC10_HeadlessChrome.HeadlessChrome(TC10_HeadlessChrome.java:13)
at tests.TC10_HeadlessChrome.HeadlessChrome(TC10_HeadlessChrome.java:13)
at tests.TC10_HeadlessChrome.HeadlessChrome(TC10_HeadlessChrome.java:13)
at tests.TC10_HeadlessChrome.HeadlessChrome(TC10_HeadlessChrome.java:13)
at tests.TC10_HeadlessChrome.HeadlessChrome(TC10_HeadlessChrome.java:13)
at tests.TC10_HeadlessChrome.HeadlessChrome(TC10_HeadlessChrome.java:13)
at tests.TC10_HeadlessChrome.HeadlessChrome(TC10_HeadlessChrome.java:13)
at tests.TC10_HeadlessChrome.HeadlessChrome(TC10_HeadlessChrome.java:13)
at tests.TC10_HeadlessChrome.HeadlessChrome(TC10_HeadlessChrome.java:13)
at tests.TC10_HeadlessChrome.HeadlessChrome(TC10_HeadlessChrome.java:13)
at tests.TC10_HeadlessChrome.HeadlessChrome(TC10_HeadlessChrome.java:13)
at tests.TC10_HeadlessChrome.HeadlessChrome(TC10_HeadlessChrome.java:13)
at tests.TC10_HeadlessChrome.HeadlessChrome(TC10_HeadlessChrome.java:13)
at tests.TC10_HeadlessChrome.HeadlessChrome(TC10_HeadlessChrome.java:13)
at tests.TC10_HeadlessChrome.HeadlessChrome(TC10_HeadlessChrome.java:13)
at tests.TC10_HeadlessChrome.HeadlessChrome(TC10_HeadlessChrome.java:13)
at tests.TC10_HeadlessChrome.HeadlessChrome(TC10_HeadlessChrome.java:13)
at tests.TC10_HeadlessChrome.HeadlessChrome(TC10_HeadlessChrome.java:13)
at tests.TC10_HeadlessChrome.HeadlessChrome(TC10_HeadlessChrome.java:13)
at tests.TC10_HeadlessChrome.HeadlessChrome(TC10_HeadlessChrome.java:13)
at tests.TC10_HeadlessChrome.HeadlessChrome(TC10_HeadlessChrome.java:13)
at tests.TC10_HeadlessChrome.HeadlessChrome(TC10_HeadlessChrome.java:13)
at tests.TC10_HeadlessChrome.HeadlessChrome(TC10_HeadlessChrome.java:13)
at tests.TC10_HeadlessChrome.HeadlessChrome(TC10_HeadlessChrome.java:13)
at tests.TC10_HeadlessChrome.HeadlessChrome(TC10_HeadlessChrome.java:13)
at tests.TC10_HeadlessChrome.HeadlessChrome(TC10_HeadlessChrome.java:13)
at tests.TC10_HeadlessChrome.HeadlessChrome(TC10_HeadlessChrome.java:13)
at tests.TC10_HeadlessChrome.HeadlessChrome(TC10_HeadlessChrome.java:13)
at tests.TC10_HeadlessChrome.HeadlessChrome(TC10_HeadlessChrome.java:13)
at tests.TC10_HeadlessChrome.HeadlessChrome(TC10_HeadlessChrome.java:13)
at tests.TC10_HeadlessChrome.HeadlessChrome(TC10_HeadlessChrome.java:13)
at tests.TC10_HeadlessChrome.HeadlessChrome(TC10_HeadlessChrome.java:13)
at tests.TC10_HeadlessChrome.HeadlessChrome(TC10_HeadlessChrome.java:13)
at tests.TC10_HeadlessChrome.HeadlessChrome(TC10_HeadlessChrome.java:13)
at tests.TC10_HeadlessChrome.HeadlessChrome(TC10_HeadlessChrome.java:13)
at tests.TC10_HeadlessChrome.HeadlessChrome(TC10_HeadlessChrome.java:13)
at tests.TC10_HeadlessChrome.HeadlessChrome(TC10_HeadlessChrome.java:13)
at tests.TC10_HeadlessChrome.HeadlessChrome(TC10_HeadlessChrome.java:13)
at tests.TC10_HeadlessChrome.HeadlessChrome(TC10_HeadlessChrome.java:13)
at tests.TC10_HeadlessChrome.HeadlessChrome(TC10_HeadlessChrome.java:13)
at tests.TC10_HeadlessChrome.HeadlessChrome(TC10_HeadlessChrome.java:13)
at tests.TC10_HeadlessChrome.HeadlessChrome(TC10_HeadlessChrome.java:13)
at tests.TC10_HeadlessChrome.HeadlessChrome(TC10_HeadlessChrome.java:13)
at tests.TC10_HeadlessChrome.HeadlessChrome(TC10_HeadlessChrome.java:13)
at tests.TC10_HeadlessChrome.HeadlessChrome(TC10_HeadlessChrome.java:13)
at tests.TC10_HeadlessChrome.HeadlessChrome(TC10_HeadlessChrome.java:13)
at tests.TC10_HeadlessChrome.HeadlessChrome(TC10_HeadlessChrome.java:13)
at tests.TC10_HeadlessChrome.HeadlessChrome(TC10_HeadlessChrome.java:13)
at tests.TC10_HeadlessChrome.HeadlessChrome(TC10_HeadlessChrome.java:13)
at tests.TC10_HeadlessChrome.HeadlessChrome(TC10_HeadlessChrome.java:13)
at tests.TC10_HeadlessChrome.HeadlessChrome(TC10_HeadlessChrome.java:13)
at tests.TC10_HeadlessChrome.HeadlessChrome(TC10_HeadlessChrome.java:13)
at tests.TC10_HeadlessChrome.HeadlessChrome(TC10_HeadlessChrome.java:13)
at tests.TC10_HeadlessChrome.HeadlessChrome(TC10_HeadlessChrome.java:13)
at tests.TC10_HeadlessChrome.HeadlessChrome(TC10_HeadlessChrome.java:13)
at tests.TC10_HeadlessChrome.HeadlessChrome(TC10_HeadlessChrome.java:13)
at tests.TC10_HeadlessChrome.HeadlessChrome(TC10_HeadlessChrome.java:13)
at tests.TC10_HeadlessChrome.HeadlessChrome(TC10_HeadlessChrome.java:13)
at tests.TC10_HeadlessChrome.HeadlessChrome(TC10_HeadlessChrome.java:13)
at tests.TC10_HeadlessChrome.HeadlessChrome(TC10_HeadlessChrome.java:13)
at tests.TC10_HeadlessChrome.HeadlessChrome(TC10_HeadlessChrome.java:13)
at tests.TC10_HeadlessChrome.HeadlessChrome(TC10_HeadlessChrome.java:13)
at tests.TC10_HeadlessChrome.HeadlessChrome(TC10_HeadlessChrome.java:13)
at tests.TC10_HeadlessChrome.HeadlessChrome(TC10_HeadlessChrome.java:13)
at tests.TC10_HeadlessChrome.HeadlessChrome(TC10_HeadlessChrome.java:13)
at tests.TC10_HeadlessChrome.HeadlessChrome(TC10_HeadlessChrome.java:13)
at tests.TC10_HeadlessChrome.HeadlessChrome(TC10_HeadlessChrome.java:13)
at tests.TC10_HeadlessChrome.HeadlessChrome(TC10_HeadlessChrome.java:13)
at tests.TC10_HeadlessChrome.HeadlessChrome(TC10_HeadlessChrome.java:13)
at tests.TC10_HeadlessChrome.HeadlessChrome(TC10_HeadlessChrome.java:13)
at tests.TC10_HeadlessChrome.HeadlessChrome(TC10_HeadlessChrome.java:13)
at tests.TC10_HeadlessChrome.HeadlessChrome(TC10_HeadlessChrome.java:13)
at tests.TC10_HeadlessChrome.HeadlessChrome(TC10_HeadlessChrome.java:13)
at tests.TC10_HeadlessChrome.HeadlessChrome(TC10_HeadlessChrome.java:13)
at tests.TC10_HeadlessChrome.HeadlessChrome(TC10_HeadlessChrome.java:13)
at tests.TC10_HeadlessChrome.HeadlessChrome(TC10_HeadlessChrome.java:13)
at tests.TC10_HeadlessChrome.HeadlessChrome(TC10_HeadlessChrome.java:13)
at tests.TC10_HeadlessChrome.HeadlessChrome(TC10_HeadlessChrome.java:13)
at tests.TC10_HeadlessChrome.HeadlessChrome(TC10_HeadlessChrome.java:13)
at tests.TC10_HeadlessChrome.HeadlessChrome(TC10_HeadlessChrome.java:13)
at tests.TC10_HeadlessChrome.HeadlessChrome(TC10_HeadlessChrome.java:13)
at tests.TC10_HeadlessChrome.HeadlessChrome(TC10_HeadlessChrome.java:13)
at tests.TC10_HeadlessChrome.HeadlessChrome(TC10_HeadlessChrome.java:13)
at tests.TC10_HeadlessChrome.HeadlessChrome(TC10_HeadlessChrome.java:13)
at tests.TC10_HeadlessChrome.HeadlessChrome(TC10_HeadlessChrome.java:13)
at tests.TC10_HeadlessChrome.HeadlessChrome(TC10_HeadlessChrome.java:13)
at tests.TC10_HeadlessChrome.HeadlessChrome(TC10_HeadlessChrome.java:13)
at tests.TC10_HeadlessChrome.HeadlessChrome(TC10_HeadlessChrome.java:13)
at tests.TC10_HeadlessChrome.HeadlessChrome(TC10_HeadlessChrome.java:13)
at tests.TC10_HeadlessChrome.HeadlessChrome(TC10_HeadlessChrome.java:13)
at tests.TC10_HeadlessChrome.HeadlessChrome(TC10_HeadlessChrome.java:13)
at tests.TC10_HeadlessChrome.HeadlessChrome(TC10_HeadlessChrome.java:13)
at tests.TC10_HeadlessChrome.HeadlessChrome(TC10_HeadlessChrome.java:13)
at tests.TC10_HeadlessChrome.HeadlessChrome(TC10_HeadlessChrome.java:13)
at tests.TC10_HeadlessChrome.HeadlessChrome(TC10_HeadlessChrome.java:13)
at tests.TC10_HeadlessChrome.HeadlessChrome(TC10_HeadlessChrome.java:13)
at tests.TC10_HeadlessChrome.HeadlessChrome(TC10_HeadlessChrome.java:13)
at tests.TC10_HeadlessChrome.HeadlessChrome(TC10_HeadlessChrome.java:13)
at tests.TC10_HeadlessChrome.HeadlessChrome(TC10_HeadlessChrome.java:13)
at tests.TC10_HeadlessChrome.HeadlessChrome(TC10_HeadlessChrome.java:13)
at tests.TC10_HeadlessChrome.HeadlessChrome(TC10_HeadlessChrome.java:13)
at tests.TC10_HeadlessChrome.HeadlessChrome(TC10_HeadlessChrome.java:13)
at tests.TC10_HeadlessChrome.HeadlessChrome(TC10_HeadlessChrome.java:13)
at tests.TC10_HeadlessChrome.HeadlessChrome(TC10_HeadlessChrome.java:13)
at tests.TC10_HeadlessChrome.HeadlessChrome(TC10_HeadlessChrome.java:13)
at tests.TC10_HeadlessChrome.HeadlessChrome(TC10_HeadlessChrome.java:13)
at tests.TC10_HeadlessChrome.HeadlessChrome(TC10_HeadlessChrome.java:13)
at tests.TC10_HeadlessChrome.HeadlessChrome(TC10_HeadlessChrome.java:13)
at tests.TC10_HeadlessChrome.HeadlessChrome(TC10_HeadlessChrome.java:13)
at tests.TC10_HeadlessChrome.HeadlessChrome(TC10_HeadlessChrome.java:13)
at tests.TC10_HeadlessChrome.HeadlessChrome(TC10_HeadlessChrome.java:13)
at tests.TC10_HeadlessChrome.HeadlessChrome(TC10_HeadlessChrome.java:13)
at tests.TC10_HeadlessChrome.HeadlessChrome(TC10_HeadlessChrome.java:13)
at tests.TC10_HeadlessChrome.HeadlessChrome(TC10_HeadlessChrome.java:13)
at tests.TC10_HeadlessChrome.HeadlessChrome(TC10_HeadlessChrome.java:13)
at tests.TC10_HeadlessChrome.HeadlessChrome(TC10_HeadlessChrome.java:13)
at tests.TC10_HeadlessChrome.HeadlessChrome(TC10_HeadlessChrome.java:13)
at tests.TC10_HeadlessChrome.HeadlessChrome(TC10_HeadlessChrome.java:13)
at tests.TC10_HeadlessChrome.HeadlessChrome(TC10_HeadlessChrome.java:13)
at tests.TC10_HeadlessChrome.HeadlessChrome(TC10_HeadlessChrome.java:13)
at tests.TC10_HeadlessChrome.HeadlessChrome(TC10_HeadlessChrome.java:13)
at tests.TC10_HeadlessChrome.HeadlessChrome(TC10_HeadlessChrome.java:13)
at tests.TC10_HeadlessChrome.HeadlessChrome(TC10_HeadlessChrome.java:13)
at tests.TC10_HeadlessChrome.HeadlessChrome(TC10_HeadlessChrome.java:13)
at tests.TC10_HeadlessChrome.HeadlessChrome(TC10_HeadlessChrome.java:13)
at tests.TC10_HeadlessChrome.HeadlessChrome(TC10_HeadlessChrome.java:13)
at tests.TC10_HeadlessChrome.HeadlessChrome(TC10_HeadlessChrome.java:13)
at tests.TC10_HeadlessChrome.HeadlessChrome(TC10_HeadlessChrome.java:13)
at tests.TC10_HeadlessChrome.HeadlessChrome(TC10_HeadlessChrome.java:13)
at tests.TC10_HeadlessChrome.HeadlessChrome(TC10_HeadlessChrome.java:13)
at tests.TC10_HeadlessChrome.HeadlessChrome(TC10_HeadlessChrome.java:13)
at tests.TC10_HeadlessChrome.HeadlessChrome(TC10_HeadlessChrome.java:13)
at tests.TC10_HeadlessChrome.HeadlessChrome(TC10_HeadlessChrome.java:13)
at tests.TC10_HeadlessChrome.HeadlessChrome(TC10_HeadlessChrome.java:13)
at tests.TC10_HeadlessChrome.HeadlessChrome(TC10_HeadlessChrome.java:13)
at tests.TC10_HeadlessChrome.HeadlessChrome(TC10_HeadlessChrome.java:13)
at tests.TC10_HeadlessChrome.HeadlessChrome(TC10_HeadlessChrome.java:13)
at tests.TC10_HeadlessChrome.HeadlessChrome(TC10_HeadlessChrome.java:13)
at tests.TC10_HeadlessChrome.HeadlessChrome(TC10_HeadlessChrome.java:13)
at tests.TC10_HeadlessChrome.HeadlessChrome(TC10_HeadlessChrome.java:13)
at tests.TC10_HeadlessChrome.HeadlessChrome(TC10_HeadlessChrome.java:13)
at tests.TC10_HeadlessChrome.HeadlessChrome(TC10_HeadlessChrome.java:13)
at tests.TC10_HeadlessChrome.HeadlessChrome(TC10_HeadlessChrome.java:13)
at tests.TC10_HeadlessChrome.HeadlessChrome(TC10_HeadlessChrome.java:13)
at tests.TC10_HeadlessChrome.HeadlessChrome(TC10_HeadlessChrome.java:13)
at tests.TC10_HeadlessChrome.HeadlessChrome(TC10_HeadlessChrome.java:13)
at tests.TC10_HeadlessChrome.HeadlessChrome(TC10_HeadlessChrome.java:13)
at tests.TC10_HeadlessChrome.HeadlessChrome(TC10_HeadlessChrome.java:13)
at tests.TC10_HeadlessChrome.HeadlessChrome(TC10_HeadlessChrome.java:13)
at tests.TC10_HeadlessChrome.HeadlessChrome(TC10_HeadlessChrome.java:13)
at tests.TC10_HeadlessChrome.HeadlessChrome(TC10_HeadlessChrome.java:13)
at tests.TC10_HeadlessChrome.HeadlessChrome(TC10_HeadlessChrome.java:13)
at tests.TC10_HeadlessChrome.HeadlessChrome(TC10_HeadlessChrome.java:13)
at tests.TC10_HeadlessChrome.HeadlessChrome(TC10_HeadlessChrome.java:13)
at tests.TC10_HeadlessChrome.HeadlessChrome(TC10_HeadlessChrome.java:13)
at tests.TC10_HeadlessChrome.HeadlessChrome(TC10_HeadlessChrome.java:13)
at tests.TC10_HeadlessChrome.HeadlessChrome(TC10_HeadlessChrome.java:13)
at tests.TC10_HeadlessChrome.HeadlessChrome(TC10_HeadlessChrome.java:13)
at tests.TC10_HeadlessChrome.HeadlessChrome(TC10_HeadlessChrome.java:13)
at tests.TC10_HeadlessChrome.HeadlessChrome(TC10_HeadlessChrome.java:13)
at tests.TC10_HeadlessChrome.HeadlessChrome(TC10_HeadlessChrome.java:13)
at tests.TC10_HeadlessChrome.HeadlessChrome(TC10_HeadlessChrome.java:13)
at tests.TC10_HeadlessChrome.HeadlessChrome(TC10_HeadlessChrome.java:13)
at tests.TC10_HeadlessChrome.HeadlessChrome(TC10_HeadlessChrome.java:13)
at tests.TC10_HeadlessChrome.HeadlessChrome(TC10_HeadlessChrome.java:13)
at tests.TC10_HeadlessChrome.HeadlessChrome(TC10_HeadlessChrome.java:13)
at tests.TC10_HeadlessChrome.HeadlessChrome(TC10_HeadlessChrome.java:13)
at tests.TC10_HeadlessChrome.HeadlessChrome(TC10_HeadlessChrome.java:13)
at tests.TC10_HeadlessChrome.HeadlessChrome(TC10_HeadlessChrome.java:13)
at tests.TC10_HeadlessChrome.HeadlessChrome(TC10_HeadlessChrome.java:13)
at tests.TC10_HeadlessChrome.HeadlessChrome(TC10_HeadlessChrome.java:13)
at tests.TC10_HeadlessChrome.HeadlessChrome(TC10_HeadlessChrome.java:13)
at tests.TC10_HeadlessChrome.HeadlessChrome(TC10_HeadlessChrome.java:13)
at tests.TC10_HeadlessChrome.HeadlessChrome(TC10_HeadlessChrome.java:13)
at tests.TC10_HeadlessChrome.HeadlessChrome(TC10_HeadlessChrome.java:13)
at tests.TC10_HeadlessChrome.HeadlessChrome(TC10_HeadlessChrome.java:13)
at tests.TC10_HeadlessChrome.HeadlessChrome(TC10_HeadlessChrome.java:13)
at tests.TC10_HeadlessChrome.HeadlessChrome(TC10_HeadlessChrome.java:13)
at tests.TC10_HeadlessChrome.HeadlessChrome(TC10_HeadlessChrome.java:13)
at tests.TC10_HeadlessChrome.HeadlessChrome(TC10_HeadlessChrome.java:13)
at tests.TC10_HeadlessChrome.HeadlessChrome(TC10_HeadlessChrome.java:13)
at tests.TC10_HeadlessChrome.HeadlessChrome(TC10_HeadlessChrome.java:13)
at tests.TC10_HeadlessChrome.HeadlessChrome(TC10_HeadlessChrome.java:13)
at tests.TC10_HeadlessChrome.HeadlessChrome(TC10_HeadlessChrome.java:13)
at tests.TC10_HeadlessChrome.HeadlessChrome(TC10_HeadlessChrome.java:13)
at tests.TC10_HeadlessChrome.HeadlessChrome(TC10_HeadlessChrome.java:13)
at tests.TC10_HeadlessChrome.HeadlessChrome(TC10_HeadlessChrome.java:13)
at tests.TC10_HeadlessChrome.HeadlessChrome(TC10_HeadlessChrome.java:13)
at tests.TC10_HeadlessChrome.HeadlessChrome(TC10_HeadlessChrome.java:13)
at tests.TC10_HeadlessChrome.HeadlessChrome(TC10_HeadlessChrome.java:13)
at tests.TC10_HeadlessChrome.HeadlessChrome(TC10_HeadlessChrome.java:13)
at tests.TC10_HeadlessChrome.HeadlessChrome(TC10_HeadlessChrome.java:13)
at tests.TC10_HeadlessChrome.HeadlessChrome(TC10_HeadlessChrome.java:13)
at tests.TC10_HeadlessChrome.HeadlessChrome(TC10_HeadlessChrome.java:13)
at tests.TC10_HeadlessChrome.HeadlessChrome(TC10_HeadlessChrome.java:13)
at tests.TC10_HeadlessChrome.HeadlessChrome(TC10_HeadlessChrome.java:13)
at tests.TC10_HeadlessChrome.HeadlessChrome(TC10_HeadlessChrome.java:13)
at tests.TC10_HeadlessChrome.HeadlessChrome(TC10_HeadlessChrome.java:13)
at tests.TC10_HeadlessChrome.HeadlessChrome(TC10_HeadlessChrome.java:13)
at tests.TC10_HeadlessChrome.HeadlessChrome(TC10_HeadlessChrome.java:13)
at tests.TC10_HeadlessChrome.HeadlessChrome(TC10_HeadlessChrome.java:13)
at tests.TC10_HeadlessChrome.HeadlessChrome(TC10_HeadlessChrome.java:13)
at tests.TC10_HeadlessChrome.HeadlessChrome(TC10_HeadlessChrome.java:13)
at tests.TC10_HeadlessChrome.HeadlessChrome(TC10_HeadlessChrome.java:13)
at tests.TC10_HeadlessChrome.HeadlessChrome(TC10_HeadlessChrome.java:13)
at tests.TC10_HeadlessChrome.HeadlessChrome(TC10_HeadlessChrome.java:13)
at tests.TC10_HeadlessChrome.HeadlessChrome(TC10_HeadlessChrome.java:13)
at tests.TC10_HeadlessChrome.HeadlessChrome(TC10_HeadlessChrome.java:13)
at tests.TC10_HeadlessChrome.HeadlessChrome(TC10_HeadlessChrome.java:13)
at tests.TC10_HeadlessChrome.HeadlessChrome(TC10_HeadlessChrome.java:13)
at tests.TC10_HeadlessChrome.HeadlessChrome(TC10_HeadlessChrome.java:13)
at tests.TC10_HeadlessChrome.HeadlessChrome(TC10_HeadlessChrome.java:13)
at tests.TC10_HeadlessChrome.HeadlessChrome(TC10_HeadlessChrome.java:13)
at tests.TC10_HeadlessChrome.HeadlessChrome(TC10_HeadlessChrome.java:13)
at tests.TC10_HeadlessChrome.HeadlessChrome(TC10_HeadlessChrome.java:13)
at tests.TC10_HeadlessChrome.HeadlessChrome(TC10_HeadlessChrome.java:13)
at tests.TC10_HeadlessChrome.HeadlessChrome(TC10_HeadlessChrome.java:13)
at tests.TC10_HeadlessChrome.HeadlessChrome(TC10_HeadlessChrome.java:13)
at tests.TC10_HeadlessChrome.HeadlessChrome(TC10_HeadlessChrome.java:13)
at tests.TC10_HeadlessChrome.HeadlessChrome(TC10_HeadlessChrome.java:13)
at tests.TC10_HeadlessChrome.HeadlessChrome(TC10_HeadlessChrome.java:13)
at tests.TC10_HeadlessChrome.HeadlessChrome(TC10_HeadlessChrome.java:13)
at tests.TC10_HeadlessChrome.HeadlessChrome(TC10_HeadlessChrome.java:13)
at tests.TC10_HeadlessChrome.HeadlessChrome(TC10_HeadlessChrome.java:13)
at tests.TC10_HeadlessChrome.HeadlessChrome(TC10_HeadlessChrome.java:13)
at tests.TC10_HeadlessChrome.HeadlessChrome(TC10_HeadlessChrome.java:13)
at tests.TC10_HeadlessChrome.HeadlessChrome(TC10_HeadlessChrome.java:13)
at tests.TC10_HeadlessChrome.HeadlessChrome(TC10_HeadlessChrome.java:13)
at tests.TC10_HeadlessChrome.HeadlessChrome(TC10_HeadlessChrome.java:13)
at tests.TC10_HeadlessChrome.HeadlessChrome(TC10_HeadlessChrome.java:13)
at tests.TC10_HeadlessChrome.HeadlessChrome(TC10_HeadlessChrome.java:13)
at tests.TC10_HeadlessChrome.HeadlessChrome(TC10_HeadlessChrome.java:13)
at tests.TC10_HeadlessChrome.HeadlessChrome(TC10_HeadlessChrome.java:13)
at tests.TC10_HeadlessChrome.HeadlessChrome(TC10_HeadlessChrome.java:13)
at tests.TC10_HeadlessChrome.HeadlessChrome(TC10_HeadlessChrome.java:13)
at tests.TC10_HeadlessChrome.HeadlessChrome(TC10_HeadlessChrome.java:13)
at tests.TC10_HeadlessChrome.HeadlessChrome(TC10_HeadlessChrome.java:13)
at tests.TC10_HeadlessChrome.HeadlessChrome(TC10_HeadlessChrome.java:13)
at tests.TC10_HeadlessChrome.HeadlessChrome(TC10_HeadlessChrome.java:13)
at tests.TC10_HeadlessChrome.HeadlessChrome(TC10_HeadlessChrome.java:13)
at tests.TC10_HeadlessChrome.HeadlessChrome(TC10_HeadlessChrome.java:13)
at tests.TC10_HeadlessChrome.HeadlessChrome(TC10_HeadlessChrome.java:13)
at tests.TC10_HeadlessChrome.HeadlessChrome(TC10_HeadlessChrome.java:13)
at tests.TC10_HeadlessChrome.HeadlessChrome(TC10_HeadlessChrome.java:13)
at tests.TC10_HeadlessChrome.HeadlessChrome(TC10_HeadlessChrome.java:13)
at tests.TC10_HeadlessChrome.HeadlessChrome(TC10_HeadlessChrome.java:13)
at tests.TC10_HeadlessChrome.HeadlessChrome(TC10_HeadlessChrome.java:13)
at tests.TC10_HeadlessChrome.HeadlessChrome(TC10_HeadlessChrome.java:13)
at tests.TC10_HeadlessChrome.HeadlessChrome(TC10_HeadlessChrome.java:13)
at tests.TC10_HeadlessChrome.HeadlessChrome(TC10_HeadlessChrome.java:13)
at tests.TC10_HeadlessChrome.HeadlessChrome(TC10_HeadlessChrome.java:13)
at tests.TC10_HeadlessChrome.HeadlessChrome(TC10_HeadlessChrome.java:13)
at tests.TC10_HeadlessChrome.HeadlessChrome(TC10_HeadlessChrome.java:13)
at tests.TC10_HeadlessChrome.HeadlessChrome(TC10_HeadlessChrome.java:13)
at tests.TC10_HeadlessChrome.HeadlessChrome(TC10_HeadlessChrome.java:13)
at tests.TC10_HeadlessChrome.HeadlessChrome(TC10_HeadlessChrome.java:13)
at tests.TC10_HeadlessChrome.HeadlessChrome(TC10_HeadlessChrome.java:13)
at tests.TC10_HeadlessChrome.HeadlessChrome(TC10_HeadlessChrome.java:13)
at tests.TC10_HeadlessChrome.HeadlessChrome(TC10_HeadlessChrome.java:13)
at tests.TC10_HeadlessChrome.HeadlessChrome(TC10_HeadlessChrome.java:13)
at tests.TC10_HeadlessChrome.HeadlessChrome(TC10_HeadlessChrome.java:13)
at tests.TC10_HeadlessChrome.HeadlessChrome(TC10_HeadlessChrome.java:13)
at tests.TC10_HeadlessChrome.HeadlessChrome(TC10_HeadlessChrome.java:13)
at tests.TC10_HeadlessChrome.HeadlessChrome(TC10_HeadlessChrome.java:13)
at tests.TC10_HeadlessChrome.HeadlessChrome(TC10_HeadlessChrome.java:13)
at tests.TC10_HeadlessChrome.HeadlessChrome(TC10_HeadlessChrome.java:13)
at tests.TC10_HeadlessChrome.HeadlessChrome(TC10_HeadlessChrome.java:13)
at tests.TC10_HeadlessChrome.HeadlessChrome(TC10_HeadlessChrome.java:13)
at tests.TC10_HeadlessChrome.HeadlessChrome(TC10_HeadlessChrome.java:13)
at tests.TC10_HeadlessChrome.HeadlessChrome(TC10_HeadlessChrome.java:13)
at tests.TC10_HeadlessChrome.HeadlessChrome(TC10_HeadlessChrome.java:13)
at tests.TC10_HeadlessChrome.HeadlessChrome(TC10_HeadlessChrome.java:13)
at tests.TC10_HeadlessChrome.HeadlessChrome(TC10_HeadlessChrome.java:13)
at tests.TC10_HeadlessChrome.HeadlessChrome(TC10_HeadlessChrome.java:13)
at tests.TC10_HeadlessChrome.HeadlessChrome(TC10_HeadlessChrome.java:13)
at tests.TC10_HeadlessChrome.HeadlessChrome(TC10_HeadlessChrome.java:13)
at tests.TC10_HeadlessChrome.HeadlessChrome(TC10_HeadlessChrome.java:13)
at tests.TC10_HeadlessChrome.HeadlessChrome(TC10_HeadlessChrome.java:13)
at tests.TC10_HeadlessChrome.HeadlessChrome(TC10_HeadlessChrome.java:13)
at tests.TC10_HeadlessChrome.HeadlessChrome(TC10_HeadlessChrome.java:13)
at tests.TC10_HeadlessChrome.HeadlessChrome(TC10_HeadlessChrome.java:13)
at tests.TC10_HeadlessChrome.HeadlessChrome(TC10_HeadlessChrome.java:13)
at tests.TC10_HeadlessChrome.HeadlessChrome(TC10_HeadlessChrome.java:13)
at tests.TC10_HeadlessChrome.HeadlessChrome(TC10_HeadlessChrome.java:13)
at tests.TC10_HeadlessChrome.HeadlessChrome(TC10_HeadlessChrome.java:13)
at tests.TC10_HeadlessChrome.HeadlessChrome(TC10_HeadlessChrome.java:13)
at tests.TC10_HeadlessChrome.HeadlessChrome(TC10_HeadlessChrome.java:13)
at tests.TC10_HeadlessChrome.HeadlessChrome(TC10_HeadlessChrome.java:13)
at tests.TC10_HeadlessChrome.HeadlessChrome(TC10_HeadlessChrome.java:13)
at tests.TC10_HeadlessChrome.HeadlessChrome(TC10_HeadlessChrome.java:13)
at tests.TC10_HeadlessChrome.HeadlessChrome(TC10_HeadlessChrome.java:13)
at tests.TC10_HeadlessChrome.HeadlessChrome(TC10_HeadlessChrome.java:13)
at tests.TC10_HeadlessChrome.HeadlessChrome(TC10_HeadlessChrome.java:13)
at tests.TC10_HeadlessChrome.HeadlessChrome(TC10_HeadlessChrome.java:13)
at tests.TC10_HeadlessChrome.HeadlessChrome(TC10_HeadlessChrome.java:13)
at tests.TC10_HeadlessChrome.HeadlessChrome(TC10_HeadlessChrome.java:13)
at tests.TC10_HeadlessChrome.HeadlessChrome(TC10_HeadlessChrome.java:13)
at tests.TC10_HeadlessChrome.HeadlessChrome(TC10_HeadlessChrome.java:13)
at tests.TC10_HeadlessChrome.HeadlessChrome(TC10_HeadlessChrome.java:13)
at tests.TC10_HeadlessChrome.HeadlessChrome(TC10_HeadlessChrome.java:13)
at tests.TC10_HeadlessChrome.HeadlessChrome(TC10_HeadlessChrome.java:13)
at tests.TC10_HeadlessChrome.HeadlessChrome(TC10_HeadlessChrome.java:13)
at tests.TC10_HeadlessChrome.HeadlessChrome(TC10_HeadlessChrome.java:13)
at tests.TC10_HeadlessChrome.HeadlessChrome(TC10_HeadlessChrome.java:13)
at tests.TC10_HeadlessChrome.HeadlessChrome(TC10_HeadlessChrome.java:13)
at tests.TC10_HeadlessChrome.HeadlessChrome(TC10_HeadlessChrome.java:13)
at tests.TC10_HeadlessChrome.HeadlessChrome(TC10_HeadlessChrome.java:13)
at tests.TC10_HeadlessChrome.HeadlessChrome(TC10_HeadlessChrome.java:13)
at tests.TC10_HeadlessChrome.HeadlessChrome(TC10_HeadlessChrome.java:13)
at tests.TC10_HeadlessChrome.HeadlessChrome(TC10_HeadlessChrome.java:13)
at tests.TC10_HeadlessChrome.HeadlessChrome(TC10_HeadlessChrome.java:13)
at tests.TC10_HeadlessChrome.HeadlessChrome(TC10_HeadlessChrome.java:13)
at tests.TC10_HeadlessChrome.HeadlessChrome(TC10_HeadlessChrome.java:13)
at tests.TC10_HeadlessChrome.HeadlessChrome(TC10_HeadlessChrome.java:13)
at tests.TC10_HeadlessChrome.HeadlessChrome(TC10_HeadlessChrome.java:13)
at tests.TC10_HeadlessChrome.HeadlessChrome(TC10_HeadlessChrome.java:13)
at tests.TC10_HeadlessChrome.HeadlessChrome(TC10_HeadlessChrome.java:13)
at tests.TC10_HeadlessChrome.HeadlessChrome(TC10_HeadlessChrome.java:13)
at tests.TC10_HeadlessChrome.HeadlessChrome(TC10_HeadlessChrome.java:13)
at tests.TC10_HeadlessChrome.HeadlessChrome(TC10_HeadlessChrome.java:13)
at tests.TC10_HeadlessChrome.HeadlessChrome(TC10_HeadlessChrome.java:13)
at tests.TC10_HeadlessChrome.HeadlessChrome(TC10_HeadlessChrome.java:13)
at tests.TC10_HeadlessChrome.HeadlessChrome(TC10_HeadlessChrome.java:13)
at tests.TC10_HeadlessChrome.HeadlessChrome(TC10_HeadlessChrome.java:13)
at tests.TC10_HeadlessChrome.HeadlessChrome(TC10_HeadlessChrome.java:13)
at tests.TC10_HeadlessChrome.HeadlessChrome(TC10_HeadlessChrome.java:13)
at tests.TC10_HeadlessChrome.HeadlessChrome(TC10_HeadlessChrome.java:13)
at tests.TC10_HeadlessChrome.HeadlessChrome(TC10_HeadlessChrome.java:13)
at tests.TC10_HeadlessChrome.HeadlessChrome(TC10_HeadlessChrome.java:13)
at tests.TC10_HeadlessChrome.HeadlessChrome(TC10_HeadlessChrome.java:13)
at tests.TC10_HeadlessChrome.HeadlessChrome(TC10_HeadlessChrome.java:13)
at tests.TC10_HeadlessChrome.HeadlessChrome(TC10_HeadlessChrome.java:13)
at tests.TC10_HeadlessChrome.HeadlessChrome(TC10_HeadlessChrome.java:13)
at tests.TC10_HeadlessChrome.HeadlessChrome(TC10_HeadlessChrome.java:13)
at tests.TC10_HeadlessChrome.HeadlessChrome(TC10_HeadlessChrome.java:13)
at tests.TC10_HeadlessChrome.HeadlessChrome(TC10_HeadlessChrome.java:13)
at tests.TC10_HeadlessChrome.HeadlessChrome(TC10_HeadlessChrome.java:13)
at tests.TC10_HeadlessChrome.HeadlessChrome(TC10_HeadlessChrome.java:13)
at tests.TC10_HeadlessChrome.HeadlessChrome(TC10_HeadlessChrome.java:13)
at tests.TC10_HeadlessChrome.HeadlessChrome(TC10_HeadlessChrome.java:13)
at tests.TC10_HeadlessChrome.HeadlessChrome(TC10_HeadlessChrome.java:13)
at tests.TC10_HeadlessChrome.HeadlessChrome(TC10_HeadlessChrome.java:13)
at tests.TC10_HeadlessChrome.HeadlessChrome(TC10_HeadlessChrome.java:13)
at tests.TC10_HeadlessChrome.HeadlessChrome(TC10_HeadlessChrome.java:13)
at tests.TC10_HeadlessChrome.HeadlessChrome(TC10_HeadlessChrome.java:13)
at tests.TC10_HeadlessChrome.HeadlessChrome(TC10_HeadlessChrome.java:13)
at tests.TC10_HeadlessChrome.HeadlessChrome(TC10_HeadlessChrome.java:13)
at tests.TC10_HeadlessChrome.HeadlessChrome(TC10_HeadlessChrome.java:13)
at tests.TC10_HeadlessChrome.HeadlessChrome(TC10_HeadlessChrome.java:13)
at tests.TC10_HeadlessChrome.HeadlessChrome(TC10_HeadlessChrome.java:13)
at tests.TC10_HeadlessChrome.HeadlessChrome(TC10_HeadlessChrome.java:13)
at tests.TC10_HeadlessChrome.HeadlessChrome(TC10_HeadlessChrome.java:13)
at tests.TC10_HeadlessChrome.HeadlessChrome(TC10_HeadlessChrome.java:13)
at tests.TC10_HeadlessChrome.HeadlessChrome(TC10_HeadlessChrome.java:13)
at tests.TC10_HeadlessChrome.HeadlessChrome(TC10_HeadlessChrome.java:13)
at tests.TC10_HeadlessChrome.HeadlessChrome(TC10_HeadlessChrome.java:13)
at tests.TC10_HeadlessChrome.HeadlessChrome(TC10_HeadlessChrome.java:13)
at tests.TC10_HeadlessChrome.HeadlessChrome(TC10_HeadlessChrome.java:13)
at tests.TC10_HeadlessChrome.HeadlessChrome(TC10_HeadlessChrome.java:13)
at tests.TC10_HeadlessChrome.HeadlessChrome(TC10_HeadlessChrome.java:13)
at tests.TC10_HeadlessChrome.HeadlessChrome(TC10_HeadlessChrome.java:13)
at tests.TC10_HeadlessChrome.HeadlessChrome(TC10_HeadlessChrome.java:13)
at tests.TC10_HeadlessChrome.HeadlessChrome(TC10_HeadlessChrome.java:13)
at tests.TC10_HeadlessChrome.HeadlessChrome(TC10_HeadlessChrome.java:13)
at tests.TC10_HeadlessChrome.HeadlessChrome(TC10_HeadlessChrome.java:13)
at tests.TC10_HeadlessChrome.HeadlessChrome(TC10_HeadlessChrome.java:13)
at tests.TC10_HeadlessChrome.HeadlessChrome(TC10_HeadlessChrome.java:13)
at tests.TC10_HeadlessChrome.HeadlessChrome(TC10_HeadlessChrome.java:13)
at tests.TC10_HeadlessChrome.HeadlessChrome(TC10_HeadlessChrome.java:13)
at tests.TC10_HeadlessChrome.HeadlessChrome(TC10_HeadlessChrome.java:13)
at tests.TC10_HeadlessChrome.HeadlessChrome(TC10_HeadlessChrome.java:13)
at tests.TC10_HeadlessChrome.HeadlessChrome(TC10_HeadlessChrome.java:13)
at tests.TC10_HeadlessChrome.HeadlessChrome(TC10_HeadlessChrome.java:13)
at tests.TC10_HeadlessChrome.HeadlessChrome(TC10_HeadlessChrome.java:13)
at tests.TC10_HeadlessChrome.HeadlessChrome(TC10_HeadlessChrome.java:13)
at tests.TC10_HeadlessChrome.HeadlessChrome(TC10_HeadlessChrome.java:13)
at tests.TC10_HeadlessChrome.HeadlessChrome(TC10_HeadlessChrome.java:13)
at tests.TC10_HeadlessChrome.HeadlessChrome(TC10_HeadlessChrome.java:13)
at tests.TC10_HeadlessChrome.HeadlessChrome(TC10_HeadlessChrome.java:13)
at tests.TC10_HeadlessChrome.HeadlessChrome(TC10_HeadlessChrome.java:13)
at tests.TC10_HeadlessChrome.HeadlessChrome(TC10_HeadlessChrome.java:13)
at tests.TC10_HeadlessChrome.HeadlessChrome(TC10_HeadlessChrome.java:13)
at tests.TC10_HeadlessChrome.HeadlessChrome(TC10_HeadlessChrome.java:13)
at tests.TC10_HeadlessChrome.HeadlessChrome(TC10_HeadlessChrome.java:13)
at tests.TC10_HeadlessChrome.HeadlessChrome(TC10_HeadlessChrome.java:13)
at tests.TC10_HeadlessChrome.HeadlessChrome(TC10_HeadlessChrome.java:13)
at tests.TC10_HeadlessChrome.HeadlessChrome(TC10_HeadlessChrome.java:13)
at tests.TC10_HeadlessChrome.HeadlessChrome(TC10_HeadlessChrome.java:13)
at tests.TC10_HeadlessChrome.HeadlessChrome(TC10_HeadlessChrome.java:13)
at tests.TC10_HeadlessChrome.HeadlessChrome(TC10_HeadlessChrome.java:13)
at tests.TC10_HeadlessChrome.HeadlessChrome(TC10_HeadlessChrome.java:13)
at tests.TC10_HeadlessChrome.HeadlessChrome(TC10_HeadlessChrome.java:13)
at tests.TC10_HeadlessChrome.HeadlessChrome(TC10_HeadlessChrome.java:13)
at tests.TC10_HeadlessChrome.HeadlessChrome(TC10_HeadlessChrome.java:13)
at tests.TC10_HeadlessChrome.HeadlessChrome(TC10_HeadlessChrome.java:13)
at tests.TC10_HeadlessChrome.HeadlessChrome(TC10_HeadlessChrome.java:13)
at tests.TC10_HeadlessChrome.HeadlessChrome(TC10_HeadlessChrome.java:13)
at tests.TC10_HeadlessChrome.HeadlessChrome(TC10_HeadlessChrome.java:13)
at tests.TC10_HeadlessChrome.HeadlessChrome(TC10_HeadlessChrome.java:13)
at tests.TC10_HeadlessChrome.HeadlessChrome(TC10_HeadlessChrome.java:13)
at tests.TC10_HeadlessChrome.HeadlessChrome(TC10_HeadlessChrome.java:13)
at tests.TC10_HeadlessChrome.HeadlessChrome(TC10_HeadlessChrome.java:13)
at tests.TC10_HeadlessChrome.HeadlessChrome(TC10_HeadlessChrome.java:13)
at tests.TC10_HeadlessChrome.HeadlessChrome(TC10_HeadlessChrome.java:13)
at tests.TC10_HeadlessChrome.HeadlessChrome(TC10_HeadlessChrome.java:13)
at tests.TC10_HeadlessChrome.HeadlessChrome(TC10_HeadlessChrome.java:13)
at tests.TC10_HeadlessChrome.HeadlessChrome(TC10_HeadlessChrome.java:13)
at tests.TC10_HeadlessChrome.HeadlessChrome(TC10_HeadlessChrome.java:13)
at tests.TC10_HeadlessChrome.HeadlessChrome(TC10_HeadlessChrome.java:13)
at tests.TC10_HeadlessChrome.HeadlessChrome(TC10_HeadlessChrome.java:13)
at tests.TC10_HeadlessChrome.HeadlessChrome(TC10_HeadlessChrome.java:13)
at tests.TC10_HeadlessChrome.HeadlessChrome(TC10_HeadlessChrome.java:13)
at tests.TC10_HeadlessChrome.HeadlessChrome(TC10_HeadlessChrome.java:13)
at tests.TC10_HeadlessChrome.HeadlessChrome(TC10_HeadlessChrome.java:13)
at tests.TC10_HeadlessChrome.HeadlessChrome(TC10_HeadlessChrome.java:13)
at tests.TC10_HeadlessChrome.HeadlessChrome(TC10_HeadlessChrome.java:13)
at tests.TC10_HeadlessChrome.HeadlessChrome(TC10_HeadlessChrome.java:13)
at tests.TC10_HeadlessChrome.HeadlessChrome(TC10_HeadlessChrome.java:13)
at tests.TC10_HeadlessChrome.HeadlessChrome(TC10_HeadlessChrome.java:13)
at tests.TC10_HeadlessChrome.HeadlessChrome(TC10_HeadlessChrome.java:13)
at tests.TC10_HeadlessChrome.HeadlessChrome(TC10_HeadlessChrome.java:13)
at tests.TC10_HeadlessChrome.HeadlessChrome(TC10_HeadlessChrome.java:13)
at tests.TC10_HeadlessChrome.HeadlessChrome(TC10_HeadlessChrome.java:13)
at tests.TC10_HeadlessChrome.HeadlessChrome(TC10_HeadlessChrome.java:13)
at tests.TC10_HeadlessChrome.HeadlessChrome(TC10_HeadlessChrome.java:13)
at tests.TC10_HeadlessChrome.HeadlessChrome(TC10_HeadlessChrome.java:13)
at tests.TC10_HeadlessChrome.HeadlessChrome(TC10_HeadlessChrome.java:13)
at tests.TC10_HeadlessChrome.HeadlessChrome(TC10_HeadlessChrome.java:13)
at tests.TC10_HeadlessChrome.HeadlessChrome(TC10_HeadlessChrome.java:13)
at tests.TC10_HeadlessChrome.HeadlessChrome(TC10_HeadlessChrome.java:13)
at tests.TC10_HeadlessChrome.HeadlessChrome(TC10_HeadlessChrome.java:13)
at tests.TC10_HeadlessChrome.HeadlessChrome(TC10_HeadlessChrome.java:13)
at tests.TC10_HeadlessChrome.HeadlessChrome(TC10_HeadlessChrome.java:13)
at tests.TC10_HeadlessChrome.HeadlessChrome(TC10_HeadlessChrome.java:13)
at tests.TC10_HeadlessChrome.HeadlessChrome(TC10_HeadlessChrome.java:13)
at tests.TC10_HeadlessChrome.HeadlessChrome(TC10_HeadlessChrome.java:13)
at tests.TC10_HeadlessChrome.HeadlessChrome(TC10_HeadlessChrome.java:13)
at tests.TC10_HeadlessChrome.HeadlessChrome(TC10_HeadlessChrome.java:13)
at tests.TC10_HeadlessChrome.HeadlessChrome(TC10_HeadlessChrome.java:13)
at tests.TC10_HeadlessChrome.HeadlessChrome(TC10_HeadlessChrome.java:13)
at tests.TC10_HeadlessChrome.HeadlessChrome(TC10_HeadlessChrome.java:13)
at tests.TC10_HeadlessChrome.HeadlessChrome(TC10_HeadlessChrome.java:13)
at tests.TC10_HeadlessChrome.HeadlessChrome(TC10_HeadlessChrome.java:13)
at tests.TC10_HeadlessChrome.HeadlessChrome(TC10_HeadlessChrome.java:13)
at tests.TC10_HeadlessChrome.HeadlessChrome(TC10_HeadlessChrome.java:13)
at tests.TC10_HeadlessChrome.HeadlessChrome(TC10_HeadlessChrome.java:13)
at tests.TC10_HeadlessChrome.HeadlessChrome(TC10_HeadlessChrome.java:13)
at tests.TC10_HeadlessChrome.HeadlessChrome(TC10_HeadlessChrome.java:13)
at tests.TC10_HeadlessChrome.HeadlessChrome(TC10_HeadlessChrome.java:13)
at tests.TC10_HeadlessChrome.HeadlessChrome(TC10_HeadlessChrome.java:13)
at tests.TC10_HeadlessChrome.HeadlessChrome(TC10_HeadlessChrome.java:13)
at tests.TC10_HeadlessChrome.HeadlessChrome(TC10_HeadlessChrome.java:13)
at tests.TC10_HeadlessChrome.HeadlessChrome(TC10_HeadlessChrome.java:13)
at tests.TC10_HeadlessChrome.HeadlessChrome(TC10_HeadlessChrome.java:13)
at tests.TC10_HeadlessChrome.HeadlessChrome(TC10_HeadlessChrome.java:13)
at tests.TC10_HeadlessChrome.HeadlessChrome(TC10_HeadlessChrome.java:13)
at tests.TC10_HeadlessChrome.HeadlessChrome(TC10_HeadlessChrome.java:13)
at tests.TC10_HeadlessChrome.HeadlessChrome(TC10_HeadlessChrome.java:13)
at tests.TC10_HeadlessChrome.HeadlessChrome(TC10_HeadlessChrome.java:13)
at tests.TC10_HeadlessChrome.HeadlessChrome(TC10_HeadlessChrome.java:13)
at tests.TC10_HeadlessChrome.HeadlessChrome(TC10_HeadlessChrome.java:13)
at tests.TC10_HeadlessChrome.HeadlessChrome(TC10_HeadlessChrome.java:13)
at tests.TC10_HeadlessChrome.HeadlessChrome(TC10_HeadlessChrome.java:13)
at tests.TC10_HeadlessChrome.HeadlessChrome(TC10_HeadlessChrome.java:13)
at tests.TC10_HeadlessChrome.HeadlessChrome(TC10_HeadlessChrome.java:13)
at tests.TC10_HeadlessChrome.HeadlessChrome(TC10_HeadlessChrome.java:13)
at tests.TC10_HeadlessChrome.HeadlessChrome(TC10_HeadlessChrome.java:13)
at tests.TC10_HeadlessChrome.HeadlessChrome(TC10_HeadlessChrome.java:13)
at tests.TC10_HeadlessChrome.HeadlessChrome(TC10_HeadlessChrome.java:13)
at tests.TC10_HeadlessChrome.HeadlessChrome(TC10_HeadlessChrome.java:13)
at tests.TC10_HeadlessChrome.HeadlessChrome(TC10_HeadlessChrome.java:13)
at tests.TC10_HeadlessChrome.HeadlessChrome(TC10_HeadlessChrome.java:13)
at tests.TC10_HeadlessChrome.HeadlessChrome(TC10_HeadlessChrome.java:13)
at tests.TC10_HeadlessChrome.HeadlessChrome(TC10_HeadlessChrome.java:13)
at tests.TC10_HeadlessChrome.HeadlessChrome(TC10_HeadlessChrome.java:13)
at tests.TC10_HeadlessChrome.HeadlessChrome(TC10_HeadlessChrome.java:13)
at tests.TC10_HeadlessChrome.HeadlessChrome(TC10_HeadlessChrome.java:13)
at tests.TC10_HeadlessChrome.HeadlessChrome(TC10_HeadlessChrome.java:13)
at tests.TC10_HeadlessChrome.HeadlessChrome(TC10_HeadlessChrome.java:13)
at tests.TC10_HeadlessChrome.HeadlessChrome(TC10_HeadlessChrome.java:13)
at tests.TC10_HeadlessChrome.HeadlessChrome(TC10_HeadlessChrome.java:13)
at tests.TC10_HeadlessChrome.HeadlessChrome(TC10_HeadlessChrome.java:13)
at tests.TC10_HeadlessChrome.HeadlessChrome(TC10_HeadlessChrome.java:13)
at tests.TC10_HeadlessChrome.HeadlessChrome(TC10_HeadlessChrome.java:13)
at tests.TC10_HeadlessChrome.HeadlessChrome(TC10_HeadlessChrome.java:13)
at tests.TC10_HeadlessChrome.HeadlessChrome(TC10_HeadlessChrome.java:13)
at tests.TC10_HeadlessChrome.HeadlessChrome(TC10_HeadlessChrome.java:13)
at tests.TC10_HeadlessChrome.HeadlessChrome(TC10_HeadlessChrome.java:13)
at tests.TC10_HeadlessChrome.HeadlessChrome(TC10_HeadlessChrome.java:13)
at tests.TC10_HeadlessChrome.HeadlessChrome(TC10_HeadlessChrome.java:13)
at tests.TC10_HeadlessChrome.HeadlessChrome(TC10_HeadlessChrome.java:13)
at tests.TC10_HeadlessChrome.HeadlessChrome(TC10_HeadlessChrome.java:13)
at tests.TC10_HeadlessChrome.HeadlessChrome(TC10_HeadlessChrome.java:13)
at tests.TC10_HeadlessChrome.HeadlessChrome(TC10_HeadlessChrome.java:13)
at tests.TC10_HeadlessChrome.HeadlessChrome(TC10_HeadlessChrome.java:13)
at tests.TC10_HeadlessChrome.HeadlessChrome(TC10_HeadlessChrome.java:13)
at tests.TC10_HeadlessChrome.HeadlessChrome(TC10_HeadlessChrome.java:13)
at tests.TC10_HeadlessChrome.HeadlessChrome(TC10_HeadlessChrome.java:13)
at tests.TC10_HeadlessChrome.HeadlessChrome(TC10_HeadlessChrome.java:13)
at tests.TC10_HeadlessChrome.HeadlessChrome(TC10_HeadlessChrome.java:13)
at tests.TC10_HeadlessChrome.HeadlessChrome(TC10_HeadlessChrome.java:13)
at tests.TC10_HeadlessChrome.HeadlessChrome(TC10_HeadlessChrome.java:13)
at tests.TC10_HeadlessChrome.HeadlessChrome(TC10_HeadlessChrome.java:13)
at tests.TC10_HeadlessChrome.HeadlessChrome(TC10_HeadlessChrome.java:13)
at tests.TC10_HeadlessChrome.HeadlessChrome(TC10_HeadlessChrome.java:13)
at tests.TC10_HeadlessChrome.HeadlessChrome(TC10_HeadlessChrome.java:13)
at tests.TC10_HeadlessChrome.HeadlessChrome(TC10_HeadlessChrome.java:13)
at tests.TC10_HeadlessChrome.HeadlessChrome(TC10_HeadlessChrome.java:13)
at tests.TC10_HeadlessChrome.HeadlessChrome(TC10_HeadlessChrome.java:13)
at tests.TC10_HeadlessChrome.HeadlessChrome(TC10_HeadlessChrome.java:13)
at tests.TC10_HeadlessChrome.HeadlessChrome(TC10_HeadlessChrome.java:13)
at tests.TC10_HeadlessChrome.HeadlessChrome(TC10_HeadlessChrome.java:13)
at tests.TC10_HeadlessChrome.HeadlessChrome(TC10_HeadlessChrome.java:13)
at tests.TC10_HeadlessChrome.HeadlessChrome(TC10_HeadlessChrome.java:13)
at tests.TC10_HeadlessChrome.HeadlessChrome(TC10_HeadlessChrome.java:13)
at tests.TC10_HeadlessChrome.HeadlessChrome(TC10_HeadlessChrome.java:13)
at tests.TC10_HeadlessChrome.HeadlessChrome(TC10_HeadlessChrome.java:13)
at tests.TC10_HeadlessChrome.HeadlessChrome(TC10_HeadlessChrome.java:13)
at tests.TC10_HeadlessChrome.HeadlessChrome(TC10_HeadlessChrome.java:13)
at tests.TC10_HeadlessChrome.HeadlessChrome(TC10_HeadlessChrome.java:13)
at tests.TC10_HeadlessChrome.HeadlessChrome(TC10_HeadlessChrome.java:13)
at tests.TC10_HeadlessChrome.HeadlessChrome(TC10_HeadlessChrome.java:13)
at tests.TC10_HeadlessChrome.HeadlessChrome(TC10_HeadlessChrome.java:13)
at tests.TC10_HeadlessChrome.HeadlessChrome(TC10_HeadlessChrome.java:13)
at tests.TC10_HeadlessChrome.HeadlessChrome(TC10_HeadlessChrome.java:13)
at tests.TC10_HeadlessChrome.HeadlessChrome(TC10_HeadlessChrome.java:13)
at tests.TC10_HeadlessChrome.HeadlessChrome(TC10_HeadlessChrome.java:13)
at tests.TC10_HeadlessChrome.HeadlessChrome(TC10_HeadlessChrome.java:13)
at tests.TC10_HeadlessChrome.HeadlessChrome(TC10_HeadlessChrome.java:13)
at tests.TC10_HeadlessChrome.HeadlessChrome(TC10_HeadlessChrome.java:13)
at tests.TC10_HeadlessChrome.HeadlessChrome(TC10_HeadlessChrome.java:13)
at tests.TC10_HeadlessChrome.HeadlessChrome(TC10_HeadlessChrome.java:13)
at tests.TC10_HeadlessChrome.HeadlessChrome(TC10_HeadlessChrome.java:13)
at tests.TC10_HeadlessChrome.HeadlessChrome(TC10_HeadlessChrome.java:13)
at tests.TC10_HeadlessChrome.HeadlessChrome(TC10_HeadlessChrome.java:13)
at tests.TC10_HeadlessChrome.HeadlessChrome(TC10_HeadlessChrome.java:13)
at tests.TC10_HeadlessChrome.HeadlessChrome(TC10_HeadlessChrome.java:13)
at tests.TC10_HeadlessChrome.HeadlessChrome(TC10_HeadlessChrome.java:13)
at tests.TC10_HeadlessChrome.HeadlessChrome(TC10_HeadlessChrome.java:13)
at tests.TC10_HeadlessChrome.HeadlessChrome(TC10_HeadlessChrome.java:13)
at tests.TC10_HeadlessChrome.HeadlessChrome(TC10_HeadlessChrome.java:13)
at tests.TC10_HeadlessChrome.HeadlessChrome(TC10_HeadlessChrome.java:13)
at tests.TC10_HeadlessChrome.HeadlessChrome(TC10_HeadlessChrome.java:13)
at tests.TC10_HeadlessChrome.HeadlessChrome(TC10_HeadlessChrome.java:13)
at tests.TC10_HeadlessChrome.HeadlessChrome(TC10_HeadlessChrome.java:13)
at tests.TC10_HeadlessChrome.HeadlessChrome(TC10_HeadlessChrome.java:13)
at tests.TC10_HeadlessChrome.HeadlessChrome(TC10_HeadlessChrome.java:13)
at tests.TC10_HeadlessChrome.HeadlessChrome(TC10_HeadlessChrome.java:13)
at tests.TC10_HeadlessChrome.HeadlessChrome(TC10_HeadlessChrome.java:13)
at tests.TC10_HeadlessChrome.HeadlessChrome(TC10_HeadlessChrome.java:13)
at tests.TC10_HeadlessChrome.HeadlessChrome(TC10_HeadlessChrome.java:13)
at tests.TC10_HeadlessChrome.HeadlessChrome(TC10_HeadlessChrome.java:13)
at tests.TC10_HeadlessChrome.HeadlessChrome(TC10_HeadlessChrome.java:13)
at tests.TC10_HeadlessChrome.HeadlessChrome(TC10_HeadlessChrome.java:13)
at tests.TC10_HeadlessChrome.HeadlessChrome(TC10_HeadlessChrome.java:13)
at tests.TC10_HeadlessChrome.HeadlessChrome(TC10_HeadlessChrome.java:13)
at tests.TC10_HeadlessChrome.HeadlessChrome(TC10_HeadlessChrome.java:13)
at tests.TC10_HeadlessChrome.HeadlessChrome(TC10_HeadlessChrome.java:13)
at tests.TC10_HeadlessChrome.HeadlessChrome(TC10_HeadlessChrome.java:13)
at tests.TC10_HeadlessChrome.HeadlessChrome(TC10_HeadlessChrome.java:13)
at tests.TC10_HeadlessChrome.HeadlessChrome(TC10_HeadlessChrome.java:13)
at tests.TC10_HeadlessChrome.HeadlessChrome(TC10_HeadlessChrome.java:13)
at tests.TC10_HeadlessChrome.HeadlessChrome(TC10_HeadlessChrome.java:13)
at tests.TC10_HeadlessChrome.HeadlessChrome(TC10_HeadlessChrome.java:13)
at tests.TC10_HeadlessChrome.HeadlessChrome(TC10_HeadlessChrome.java:13)
at tests.TC10_HeadlessChrome.HeadlessChrome(TC10_HeadlessChrome.java:13)
at tests.TC10_HeadlessChrome.HeadlessChrome(TC10_HeadlessChrome.java:13)
at tests.TC10_HeadlessChrome.HeadlessChrome(TC10_HeadlessChrome.java:13)
at tests.TC10_HeadlessChrome.HeadlessChrome(TC10_HeadlessChrome.java:13)
at tests.TC10_HeadlessChrome.HeadlessChrome(TC10_HeadlessChrome.java:13)
at tests.TC10_HeadlessChrome.HeadlessChrome(TC10_HeadlessChrome.java:13)
at tests.TC10_HeadlessChrome.HeadlessChrome(TC10_HeadlessChrome.java:13)
at tests.TC10_HeadlessChrome.HeadlessChrome(TC10_HeadlessChrome.java:13)
at tests.TC10_HeadlessChrome.HeadlessChrome(TC10_HeadlessChrome.java:13)
at tests.TC10_HeadlessChrome.HeadlessChrome(TC10_HeadlessChrome.java:13)
at tests.TC10_HeadlessChrome.HeadlessChrome(TC10_HeadlessChrome.java:13)
at tests.TC10_HeadlessChrome.HeadlessChrome(TC10_HeadlessChrome.java:13)
at tests.TC10_HeadlessChrome.HeadlessChrome(TC10_HeadlessChrome.java:13)
at tests.TC10_HeadlessChrome.HeadlessChrome(TC10_HeadlessChrome.java:13)
at tests.TC10_HeadlessChrome.HeadlessChrome(TC10_HeadlessChrome.java:13)
at tests.TC10_HeadlessChrome.HeadlessChrome(TC10_HeadlessChrome.java:13)
at tests.TC10_HeadlessChrome.HeadlessChrome(TC10_HeadlessChrome.java:13)
at tests.TC10_HeadlessChrome.HeadlessChrome(TC10_HeadlessChrome.java:13)
at tests.TC10_HeadlessChrome.HeadlessChrome(TC10_HeadlessChrome.java:13)
at tests.TC10_HeadlessChrome.HeadlessChrome(TC10_HeadlessChrome.java:13)
at tests.TC10_HeadlessChrome.HeadlessChrome(TC10_HeadlessChrome.java:13)
at tests.TC10_HeadlessChrome.HeadlessChrome(TC10_HeadlessChrome.java:13)
at tests.TC10_HeadlessChrome.HeadlessChrome(TC10_HeadlessChrome.java:13)
at tests.TC10_HeadlessChrome.HeadlessChrome(TC10_HeadlessChrome.java:13)
at tests.TC10_HeadlessChrome.HeadlessChrome(TC10_HeadlessChrome.java:13)
at tests.TC10_HeadlessChrome.HeadlessChrome(TC10_HeadlessChrome.java:13)
at tests.TC10_HeadlessChrome.HeadlessChrome(TC10_HeadlessChrome.java:13)
at tests.TC10_HeadlessChrome.HeadlessChrome(TC10_HeadlessChrome.java:13)
at tests.TC10_HeadlessChrome.HeadlessChrome(TC10_HeadlessChrome.java:13)
at tests.TC10_HeadlessChrome.HeadlessChrome(TC10_HeadlessChrome.java:13)
at tests.TC10_HeadlessChrome.HeadlessChrome(TC10_HeadlessChrome.java:13)
at tests.TC10_HeadlessChrome.HeadlessChrome(TC10_HeadlessChrome.java:13)
at tests.TC10_HeadlessChrome.HeadlessChrome(TC10_HeadlessChrome.java:13)
at tests.TC10_HeadlessChrome.HeadlessChrome(TC10_HeadlessChrome.java:13)
at tests.TC10_HeadlessChrome.HeadlessChrome(TC10_HeadlessChrome.java:13)
at tests.TC10_HeadlessChrome.HeadlessChrome(TC10_HeadlessChrome.java:13)
at tests.TC10_HeadlessChrome.HeadlessChrome(TC10_HeadlessChrome.java:13)
at tests.TC10_HeadlessChrome.HeadlessChrome(TC10_HeadlessChrome.java:13)
at tests.TC10_HeadlessChrome.HeadlessChrome(TC10_HeadlessChrome.java:13)
at tests.TC10_HeadlessChrome.HeadlessChrome(TC10_HeadlessChrome.java:13)
at tests.TC10_HeadlessChrome.HeadlessChrome(TC10_HeadlessChrome.java:13)
at tests.TC10_HeadlessChrome.HeadlessChrome(TC10_HeadlessChrome.java:13)
at tests.TC10_HeadlessChrome.HeadlessChrome(TC10_HeadlessChrome.java:13)
at tests.TC10_HeadlessChrome.HeadlessChrome(TC10_HeadlessChrome.java:13)
at tests.TC10_HeadlessChrome.HeadlessChrome(TC10_HeadlessChrome.java:13)
at tests.TC10_HeadlessChrome.HeadlessChrome(TC10_HeadlessChrome.java:13)
at tests.TC10_HeadlessChrome.HeadlessChrome(TC10_HeadlessChrome.java:13)
at tests.TC10_HeadlessChrome.HeadlessChrome(TC10_HeadlessChrome.java:13)
at tests.TC10_HeadlessChrome.HeadlessChrome(TC10_HeadlessChrome.java:13)
at tests.TC10_HeadlessChrome.HeadlessChrome(TC10_HeadlessChrome.java:13)
at tests.TC10_HeadlessChrome.HeadlessChrome(TC10_HeadlessChrome.java:13)
at tests.TC10_HeadlessChrome.HeadlessChrome(TC10_HeadlessChrome.java:13)
at tests.TC10_HeadlessChrome.HeadlessChrome(TC10_HeadlessChrome.java:13)
at tests.TC10_HeadlessChrome.HeadlessChrome(TC10_HeadlessChrome.java:13)
at tests.TC10_HeadlessChrome.HeadlessChrome(TC10_HeadlessChrome.java:13)
at tests.TC10_HeadlessChrome.HeadlessChrome(TC10_HeadlessChrome.java:13)
at tests.TC10_HeadlessChrome.HeadlessChrome(TC10_HeadlessChrome.java:13)
at tests.TC10_HeadlessChrome.HeadlessChrome(TC10_HeadlessChrome.java:13)
at tests.TC10_HeadlessChrome.HeadlessChrome(TC10_HeadlessChrome.java:13)
at tests.TC10_HeadlessChrome.HeadlessChrome(TC10_HeadlessChrome.java:13)
at tests.TC10_HeadlessChrome.HeadlessChrome(TC10_HeadlessChrome.java:13)
at tests.TC10_HeadlessChrome.HeadlessChrome(TC10_HeadlessChrome.java:13)
at tests.TC10_HeadlessChrome.HeadlessChrome(TC10_HeadlessChrome.java:13)
at tests.TC10_HeadlessChrome.HeadlessChrome(TC10_HeadlessChrome.java:13)
at tests.TC10_HeadlessChrome.HeadlessChrome(TC10_HeadlessChrome.java:13)
at tests.TC10_HeadlessChrome.HeadlessChrome(TC10_HeadlessChrome.java:13)
at tests.TC10_HeadlessChrome.HeadlessChrome(TC10_HeadlessChrome.java:13)
at tests.TC10_HeadlessChrome.HeadlessChrome(TC10_HeadlessChrome.java:13)
at tests.TC10_HeadlessChrome.HeadlessChrome(TC10_HeadlessChrome.java:13)
at tests.TC10_HeadlessChrome.HeadlessChrome(TC10_HeadlessChrome.java:13)
at tests.TC10_HeadlessChrome.HeadlessChrome(TC10_HeadlessChrome.java:13)
at tests.TC10_HeadlessChrome.HeadlessChrome(TC10_HeadlessChrome.java:13)
at tests.TC10_HeadlessChrome.HeadlessChrome(TC10_HeadlessChrome.java:13)
at tests.TC10_HeadlessChrome.HeadlessChrome(TC10_HeadlessChrome.java:13)
at tests.TC10_HeadlessChrome.HeadlessChrome(TC10_HeadlessChrome.java:13)
at tests.TC10_HeadlessChrome.HeadlessChrome(TC10_HeadlessChrome.java:13)
at tests.TC10_HeadlessChrome.HeadlessChrome(TC10_HeadlessChrome.java:13)
at tests.TC10_HeadlessChrome.HeadlessChrome(TC10_HeadlessChrome.java:13)
at tests.TC10_HeadlessChrome.HeadlessChrome(TC10_HeadlessChrome.java:13)
at tests.TC10_HeadlessChrome.HeadlessChrome(TC10_HeadlessChrome.java:13)
at tests.TC10_HeadlessChrome.HeadlessChrome(TC10_HeadlessChrome.java:13)
at tests.TC10_HeadlessChrome.HeadlessChrome(TC10_HeadlessChrome.java:13)
at tests.TC10_HeadlessChrome.HeadlessChrome(TC10_HeadlessChrome.java:13)
at tests.TC10_HeadlessChrome.HeadlessChrome(TC10_HeadlessChrome.java:13)
at tests.TC10_HeadlessChrome.HeadlessChrome(TC10_HeadlessChrome.java:13)
at tests.TC10_HeadlessChrome.HeadlessChrome(TC10_HeadlessChrome.java:13)
at tests.TC10_HeadlessChrome.HeadlessChrome(TC10_HeadlessChrome.java:13)
at tests.TC10_HeadlessChrome.HeadlessChrome(TC10_HeadlessChrome.java:13)
at tests.TC10_HeadlessChrome.HeadlessChrome(TC10_HeadlessChrome.java:13)
at tests.TC10_HeadlessChrome.HeadlessChrome(TC10_HeadlessChrome.java:13)
at tests.TC10_HeadlessChrome.HeadlessChrome(TC10_HeadlessChrome.java:13)
at tests.TC10_HeadlessChrome.HeadlessChrome(TC10_HeadlessChrome.java:13)
at tests.TC10_HeadlessChrome.HeadlessChrome(TC10_HeadlessChrome.java:13)
at tests.TC10_HeadlessChrome.HeadlessChrome(TC10_HeadlessChrome.java:13)
at tests.TC10_HeadlessChrome.HeadlessChrome(TC10_HeadlessChrome.java:13)
at tests.TC10_HeadlessChrome.HeadlessChrome(TC10_HeadlessChrome.java:13)
at tests.TC10_HeadlessChrome.HeadlessChrome(TC10_HeadlessChrome.java:13)
at tests.TC10_HeadlessChrome.HeadlessChrome(TC10_HeadlessChrome.java:13)
at tests.TC10_HeadlessChrome.HeadlessChrome(TC10_HeadlessChrome.java:13)
at tests.TC10_HeadlessChrome.HeadlessChrome(TC10_HeadlessChrome.java:13)
at tests.TC10_HeadlessChrome.HeadlessChrome(TC10_HeadlessChrome.java:13)
at tests.TC10_HeadlessChrome.HeadlessChrome(TC10_HeadlessChrome.java:13)
at tests.TC10_HeadlessChrome.HeadlessChrome(TC10_HeadlessChrome.java:13)
at tests.TC10_HeadlessChrome.HeadlessChrome(TC10_HeadlessChrome.java:13)
at tests.TC10_HeadlessChrome.HeadlessChrome(TC10_HeadlessChrome.java:13)
at tests.TC10_HeadlessChrome.HeadlessChrome(TC10_HeadlessChrome.java:13)
at tests.TC10_HeadlessChrome.HeadlessChrome(TC10_HeadlessChrome.java:13)
at tests.TC10_HeadlessChrome.HeadlessChrome(TC10_HeadlessChrome.java:13)
at tests.TC10_HeadlessChrome.HeadlessChrome(TC10_HeadlessChrome.java:13)
at tests.TC10_HeadlessChrome.HeadlessChrome(TC10_HeadlessChrome.java:13)
at tests.TC10_HeadlessChrome.HeadlessChrome(TC10_HeadlessChrome.java:13)
at tests.TC10_HeadlessChrome.HeadlessChrome(TC10_HeadlessChrome.java:13)
at tests.TC10_HeadlessChrome.HeadlessChrome(TC10_HeadlessChrome.java:13)
at tests.TC10_HeadlessChrome.HeadlessChrome(TC10_HeadlessChrome.java:13)
at tests.TC10_HeadlessChrome.HeadlessChrome(TC10_HeadlessChrome.java:13)
at tests.TC10_HeadlessChrome.HeadlessChrome(TC10_HeadlessChrome.java:13)
at tests.TC10_HeadlessChrome.HeadlessChrome(TC10_HeadlessChrome.java:13)
at tests.TC10_HeadlessChrome.HeadlessChrome(TC10_HeadlessChrome.java:13)
at tests.TC10_HeadlessChrome.HeadlessChrome(TC10_HeadlessChrome.java:13)
at tests.TC10_HeadlessChrome.HeadlessChrome(TC10_HeadlessChrome.java:13)
at tests.TC10_HeadlessChrome.HeadlessChrome(TC10_HeadlessChrome.java:13)
at tests.TC10_HeadlessChrome.HeadlessChrome(TC10_HeadlessChrome.java:13)
at tests.TC10_HeadlessChrome.HeadlessChrome(TC10_HeadlessChrome.java:13)
at tests.TC10_HeadlessChrome.HeadlessChrome(TC10_HeadlessChrome.java:13)
at tests.TC10_HeadlessChrome.HeadlessChrome(TC10_HeadlessChrome.java:13)
at tests.TC10_HeadlessChrome.HeadlessChrome(TC10_HeadlessChrome.java:13)
at tests.TC10_HeadlessChrome.HeadlessChrome(TC10_HeadlessChrome.java:13)
at tests.TC10_HeadlessChrome.HeadlessChrome(TC10_HeadlessChrome.java:13)
at tests.TC10_HeadlessChrome.HeadlessChrome(TC10_HeadlessChrome.java:13)
at tests.TC10_HeadlessChrome.HeadlessChrome(TC10_HeadlessChrome.java:13)
at tests.TC10_HeadlessChrome.HeadlessChrome(TC10_HeadlessChrome.java:13)
at tests.TC10_HeadlessChrome.HeadlessChrome(TC10_HeadlessChrome.java:13)
at tests.TC10_HeadlessChrome.HeadlessChrome(TC10_HeadlessChrome.java:13)
at tests.TC10_HeadlessChrome.HeadlessChrome(TC10_HeadlessChrome.java:13)
at tests.TC10_HeadlessChrome.HeadlessChrome(TC10_HeadlessChrome.java:13)
at tests.TC10_HeadlessChrome.HeadlessChrome(TC10_HeadlessChrome.java:13)
at tests.TC10_HeadlessChrome.HeadlessChrome(TC10_HeadlessChrome.java:13)
at tests.TC10_HeadlessChrome.HeadlessChrome(TC10_HeadlessChrome.java:13)
at tests.TC10_HeadlessChrome.HeadlessChrome(TC10_HeadlessChrome.java:13)
at tests.TC10_HeadlessChrome.HeadlessChrome(TC10_HeadlessChrome.java:13)
at tests.TC10_HeadlessChrome.HeadlessChrome(TC10_HeadlessChrome.java:13)
at tests.TC10_HeadlessChrome.HeadlessChrome(TC10_HeadlessChrome.java:13)
at tests.TC10_HeadlessChrome.HeadlessChrome(TC10_HeadlessChrome.java:13)
at tests.TC10_HeadlessChrome.HeadlessChrome(TC10_HeadlessChrome.java:13)
at tests.TC10_HeadlessChrome.HeadlessChrome(TC10_HeadlessChrome.java:13)
at tests.TC10_HeadlessChrome.HeadlessChrome(TC10_HeadlessChrome.java:13)
at tests.TC10_HeadlessChrome.HeadlessChrome(TC10_HeadlessChrome.java:13)
at tests.TC10_HeadlessChrome.HeadlessChrome(TC10_HeadlessChrome.java:13)
at tests.TC10_HeadlessChrome.HeadlessChrome(TC10_HeadlessChrome.java:13)
at tests.TC10_HeadlessChrome.HeadlessChrome(TC10_HeadlessChrome.java:13)
at tests.TC10_HeadlessChrome.HeadlessChrome(TC10_HeadlessChrome.java:13)
at tests.TC10_HeadlessChrome.HeadlessChrome(TC10_HeadlessChrome.java:13)
at tests.TC10_HeadlessChrome.HeadlessChrome(TC10_HeadlessChrome.java:13)
at tests.TC10_HeadlessChrome.HeadlessChrome(TC10_HeadlessChrome.java:13)
at tests.TC10_HeadlessChrome.HeadlessChrome(TC10_HeadlessChrome.java:13)
at tests.TC10_HeadlessChrome.HeadlessChrome(TC10_HeadlessChrome.java:13)
at tests.TC10_HeadlessChrome.HeadlessChrome(TC10_HeadlessChrome.java:13)
at tests.TC10_HeadlessChrome.HeadlessChrome(TC10_HeadlessChrome.java:13)
at tests.TC10_HeadlessChrome.HeadlessChrome(TC10_HeadlessChrome.java:13)
at tests.TC10_HeadlessChrome.HeadlessChrome(TC10_HeadlessChrome.java:13)
at tests.TC10_HeadlessChrome.HeadlessChrome(TC10_HeadlessChrome.java:13)
at tests.TC10_HeadlessChrome.HeadlessChrome(TC10_HeadlessChrome.java:13)
at tests.TC10_HeadlessChrome.HeadlessChrome(TC10_HeadlessChrome.java:13)
at tests.TC10_HeadlessChrome.HeadlessChrome(TC10_HeadlessChrome.java:13)
at tests.TC10_HeadlessChrome.HeadlessChrome(TC10_HeadlessChrome.java:13)
at tests.TC10_HeadlessChrome.HeadlessChrome(TC10_HeadlessChrome.java:13)
at tests.TC10_HeadlessChrome.HeadlessChrome(TC10_HeadlessChrome.java:13)
at tests.TC10_HeadlessChrome.HeadlessChrome(TC10_HeadlessChrome.java:13)
at tests.TC10_HeadlessChrome.HeadlessChrome(TC10_HeadlessChrome.java:13)
at tests.TC10_HeadlessChrome.HeadlessChrome(TC10_HeadlessChrome.java:13)
at tests.TC10_HeadlessChrome.HeadlessChrome(TC10_HeadlessChrome.java:13)
at tests.TC10_HeadlessChrome.HeadlessChrome(TC10_HeadlessChrome.java:13)
at tests.TC10_HeadlessChrome.HeadlessChrome(TC10_HeadlessChrome.java:13)
at tests.TC10_HeadlessChrome.HeadlessChrome(TC10_HeadlessChrome.java:13)
at tests.TC10_HeadlessChrome.HeadlessChrome(TC10_HeadlessChrome.java:13)
at tests.TC10_HeadlessChrome.HeadlessChrome(TC10_HeadlessChrome.java:13)
at tests.TC10_HeadlessChrome.HeadlessChrome(TC10_HeadlessChrome.java:13)
at tests.TC10_HeadlessChrome.HeadlessChrome(TC10_HeadlessChrome.java:13)
at tests.TC10_HeadlessChrome.HeadlessChrome(TC10_HeadlessChrome.java:13)
at tests.TC10_HeadlessChrome.HeadlessChrome(TC10_HeadlessChrome.java:13)
at tests.TC10_HeadlessChrome.HeadlessChrome(TC10_HeadlessChrome.java:13)
at tests.TC10_HeadlessChrome.HeadlessChrome(TC10_HeadlessChrome.java:13)
at tests.TC10_HeadlessChrome.HeadlessChrome(TC10_HeadlessChrome.java:13)
at tests.TC10_HeadlessChrome.HeadlessChrome(TC10_HeadlessChrome.java:13)
at tests.TC10_HeadlessChrome.HeadlessChrome(TC10_HeadlessChrome.java:13)
at tests.TC10_HeadlessChrome.HeadlessChrome(TC10_HeadlessChrome.java:13)
at tests.TC10_HeadlessChrome.HeadlessChrome(TC10_HeadlessChrome.java:13)
at tests.TC10_HeadlessChrome.HeadlessChrome(TC10_HeadlessChrome.java:13)
at tests.TC10_HeadlessChrome.HeadlessChrome(TC10_HeadlessChrome.java:13)
at tests.TC10_HeadlessChrome.HeadlessChrome(TC10_HeadlessChrome.java:13)
at tests.TC10_HeadlessChrome.HeadlessChrome(TC10_HeadlessChrome.java:13)
at tests.TC10_HeadlessChrome.HeadlessChrome(TC10_HeadlessChrome.java:13)
at tests.TC10_HeadlessChrome.HeadlessChrome(TC10_HeadlessChrome.java:13)
at tests.TC10_HeadlessChrome.HeadlessChrome(TC10_HeadlessChrome.java:13)
at tests.TC10_HeadlessChrome.HeadlessChrome(TC10_HeadlessChrome.java:13)
at tests.TC10_HeadlessChrome.HeadlessChrome(TC10_HeadlessChrome.java:13)
at tests.TC10_HeadlessChrome.HeadlessChrome(TC10_HeadlessChrome.java:13)
at tests.TC10_HeadlessChrome.HeadlessChrome(TC10_HeadlessChrome.java:13)
at tests.TC10_HeadlessChrome.HeadlessChrome(TC10_HeadlessChrome.java:13)
at tests.TC10_HeadlessChrome.HeadlessChrome(TC10_HeadlessChrome.java:13)
at tests.TC10_HeadlessChrome.HeadlessChrome(TC10_HeadlessChrome.java:13)
at tests.TC10_HeadlessChrome.HeadlessChrome(TC10_HeadlessChrome.java:13)
at tests.TC10_HeadlessChrome.HeadlessChrome(TC10_HeadlessChrome.java:13)
at tests.TC10_HeadlessChrome.HeadlessChrome(TC10_HeadlessChrome.java:13)
at tests.TC10_HeadlessChrome.HeadlessChrome(TC10_HeadlessChrome.java:13)
at tests.TC10_HeadlessChrome.HeadlessChrome(TC10_HeadlessChrome.java:13)
at tests.TC10_HeadlessChrome.HeadlessChrome(TC10_HeadlessChrome.java:13)
at tests.TC10_HeadlessChrome.HeadlessChrome(TC10_HeadlessChrome.java:13)
at tests.TC10_HeadlessChrome.HeadlessChrome(TC10_HeadlessChrome.java:13)
at tests.TC10_HeadlessChrome.HeadlessChrome(TC10_HeadlessChrome.java:13)
at tests.TC10_HeadlessChrome.HeadlessChrome(TC10_HeadlessChrome.java:13)
at tests.TC10_HeadlessChrome.HeadlessChrome(TC10_HeadlessChrome.java:13)
at tests.TC10_HeadlessChrome.HeadlessChrome(TC10_HeadlessChrome.java:13)
at tests.TC10_HeadlessChrome.HeadlessChrome(TC10_HeadlessChrome.java:13)
at tests.TC10_HeadlessChrome.HeadlessChrome(TC10_HeadlessChrome.java:13)
at tests.TC10_HeadlessChrome.HeadlessChrome(TC10_HeadlessChrome.java:13)
at tests.TC10_HeadlessChrome.HeadlessChrome(TC10_HeadlessChrome.java:13)
at tests.TC10_HeadlessChrome.HeadlessChrome(TC10_HeadlessChrome.java:13)
at tests.TC10_HeadlessChrome.HeadlessChrome(TC10_HeadlessChrome.java:13)
at tests.TC10_HeadlessChrome.HeadlessChrome(TC10_HeadlessChrome.java:13)
at tests.TC10_HeadlessChrome.HeadlessChrome(TC10_HeadlessChrome.java:13)
at tests.TC10_HeadlessChrome.HeadlessChrome(TC10_HeadlessChrome.java:13)
at tests.TC10_HeadlessChrome.HeadlessChrome(TC10_HeadlessChrome.java:13)
at tests.TC10_HeadlessChrome.HeadlessChrome(TC10_HeadlessChrome.java:13)
at tests.TC10_HeadlessChrome.HeadlessChrome(TC10_HeadlessChrome.java:13)
at tests.TC10_HeadlessChrome.HeadlessChrome(TC10_HeadlessChrome.java:13)
at tests.TC10_HeadlessChrome.HeadlessChrome(TC10_HeadlessChrome.java:13)
at tests.TC10_HeadlessChrome.HeadlessChrome(TC10_HeadlessChrome.java:13)
at tests.TC10_HeadlessChrome.HeadlessChrome(TC10_HeadlessChrome.java:13)
at tests.TC10_HeadlessChrome.HeadlessChrome(TC10_HeadlessChrome.java:13)
at tests.TC10_HeadlessChrome.HeadlessChrome(TC10_HeadlessChrome.java:13)
at tests.TC10_HeadlessChrome.HeadlessChrome(TC10_HeadlessChrome.java:13)
at tests.TC10_HeadlessChrome.HeadlessChrome(TC10_HeadlessChrome.java:13)
at tests.TC10_HeadlessChrome.HeadlessChrome(TC10_HeadlessChrome.java:13)
at tests.TC10_HeadlessChrome.HeadlessChrome(TC10_HeadlessChrome.java:13)
at tests.TC10_HeadlessChrome.HeadlessChrome(TC10_HeadlessChrome.java:13)
at tests.TC10_HeadlessChrome.HeadlessChrome(TC10_HeadlessChrome.java:13)
at tests.TC10_HeadlessChrome.HeadlessChrome(TC10_HeadlessChrome.java:13)
at tests.TC10_HeadlessChrome.HeadlessChrome(TC10_HeadlessChrome.java:13)
at tests.TC10_HeadlessChrome.HeadlessChrome(TC10_HeadlessChrome.java:13)
at tests.TC10_HeadlessChrome.HeadlessChrome(TC10_HeadlessChrome.java:13)
at tests.TC10_HeadlessChrome.HeadlessChrome(TC10_HeadlessChrome.java:13)
at tests.TC10_HeadlessChrome.HeadlessChrome(TC10_HeadlessChrome.java:13)
at tests.TC10_HeadlessChrome.HeadlessChrome(TC10_HeadlessChrome.java:13)
at tests.TC10_HeadlessChrome.HeadlessChrome(TC10_HeadlessChrome.java:13)
at tests.TC10_HeadlessChrome.HeadlessChrome(TC10_HeadlessChrome.java:13)
at tests.TC10_HeadlessChrome.HeadlessChrome(TC10_HeadlessChrome.java:13)
at tests.TC10_HeadlessChrome.HeadlessChrome(TC10_HeadlessChrome.java:13)
at tests.TC10_HeadlessChrome.HeadlessChrome(TC10_HeadlessChrome.java:13)
at tests.TC10_HeadlessChrome.HeadlessChrome(TC10_HeadlessChrome.java:13)
at tests.TC10_HeadlessChrome.HeadlessChrome(TC10_HeadlessChrome.java:13)
at tests.TC10_HeadlessChrome.HeadlessChrome(TC10_HeadlessChrome.java:13)
at tests.TC10_HeadlessChrome.HeadlessChrome(TC10_HeadlessChrome.java:13)
at tests.TC10_HeadlessChrome.HeadlessChrome(TC10_HeadlessChrome.java:13)
at tests.TC10_HeadlessChrome.HeadlessChrome(TC10_HeadlessChrome.java:13)
at tests.TC10_HeadlessChrome.HeadlessChrome(TC10_HeadlessChrome.java:13)
at tests.TC10_HeadlessChrome.HeadlessChrome(TC10_HeadlessChrome.java:13)
at tests.TC10_HeadlessChrome.HeadlessChrome(TC10_HeadlessChrome.java:13)
at tests.TC10_HeadlessChrome.HeadlessChrome(TC10_HeadlessChrome.java:13)
at tests.TC10_HeadlessChrome.HeadlessChrome(TC10_HeadlessChrome.java:13)
at tests.TC10_HeadlessChrome.HeadlessChrome(TC10_HeadlessChrome.java:13)
at tests.TC10_HeadlessChrome.HeadlessChrome(TC10_HeadlessChrome.java:13)
at tests.TC10_HeadlessChrome.HeadlessChrome(TC10_HeadlessChrome.java:13)
at tests.TC10_HeadlessChrome.HeadlessChrome(TC10_HeadlessChrome.java:13)
at tests.TC10_HeadlessChrome.HeadlessChrome(TC10_HeadlessChrome.java:13)
at tests.TC10_HeadlessChrome.HeadlessChrome(TC10_HeadlessChrome.java:13)
at tests.TC10_HeadlessChrome.HeadlessChrome(TC10_HeadlessChrome.java:13)
]]>
    </failure>
  </testcase> <!-- HeadlessChrome -->
  <testcase classname="tests.TC03_CheckingBrokenLinks" name="CheckBrokenLinksTest" time="38.004"/>
</testsuite> <!-- Test1 -->
