<?xml version="1.0" encoding="UTF-8"?>
<!-- Generated by org.testng.reporters.JUnitXMLReporter -->
<testsuite ignored="1" hostname="DESKTOP-H3UQ7ED" failures="0" tests="1" name="Default test" time="131.134" errors="0" timestamp="2023-12-03T20:45:38 IST">
  <testcase classname="tests.TC06_AddingItemToCart" name="AddingItemToCart" time="127.0"/>
  <testcase classname="tests.TC06_AddingItemToCart" name="negativeAddingItemToCart" time="0.0">
    <ignored/>
  </testcase> <!-- negativeAddingItemToCart -->
</testsuite> <!-- Default test -->
